2022-11-29 12:24:43.857 +03 [5388] —ŒŒ¡Ÿ≈Õ»≈:  Á‡ÔÛÒÍ‡ÂÚÒˇ PostgreSQL 14.5, compiled by Visual C++ build 1914, 64-bit
2022-11-29 12:24:43.861 +03 [5388] —ŒŒ¡Ÿ≈Õ»≈:  ‰Îˇ ÔË∏Ï‡ ÔÓ‰ÍÎ˛˜ÂÌËÈ ÔÓ ‡‰ÂÒÛ IPv6 "::" ÓÚÍ˚Ú ÔÓÚ 5432
2022-11-29 12:24:43.861 +03 [5388] —ŒŒ¡Ÿ≈Õ»≈:  ‰Îˇ ÔË∏Ï‡ ÔÓ‰ÍÎ˛˜ÂÌËÈ ÔÓ ‡‰ÂÒÛ IPv4 "0.0.0.0" ÓÚÍ˚Ú ÔÓÚ 5432
2022-11-29 12:24:44.116 +03 [5808] ¬¿∆ÕŒ:  ÒËÒÚÂÏ‡ ·‡Á ‰‡ÌÌ˚ı Á‡ÔÛÒÍ‡ÂÚÒˇ
2022-11-29 12:24:44.123 +03 [5800] —ŒŒ¡Ÿ≈Õ»≈:  ‡·ÓÚ‡ ÒËÒÚÂÏ˚ ¡ƒ ·˚Î‡ ÔÂ‚‡Ì‡; ÔÓÒÎÂ‰ÌËÈ ÏÓÏÂÌÚ ‡·ÓÚ˚: 2022-11-29 11:58:57 +03
2022-11-29 12:24:45.372 +03 [5800] —ŒŒ¡Ÿ≈Õ»≈:  ÒËÒÚÂÏ‡ ¡ƒ ·˚Î‡ ÓÒÚ‡ÌÓ‚ÎÂÌ‡ ÌÂ¯Ú‡ÚÌÓ; ÔÓËÁ‚Ó‰ËÚÒˇ ‡‚ÚÓÏ‡ÚË˜ÂÒÍÓÂ ‚ÓÒÒÚ‡ÌÓ‚ÎÂÌËÂ
2022-11-29 12:24:45.380 +03 [5800] —ŒŒ¡Ÿ≈Õ»≈:  Á‡ÔËÒ¸ REDO Ì‡˜ËÌ‡ÂÚÒˇ ÒÓ ÒÏÂ˘ÂÌËˇ 0/24116E0
2022-11-29 12:24:45.380 +03 [5800] —ŒŒ¡Ÿ≈Õ»≈:  ÌÂ‚ÂÌ‡ˇ ‰ÎËÌ‡ Á‡ÔËÒË ÔÓ ÒÏÂ˘ÂÌË˛ 0/24117C8: ÓÊË‰‡ÎÓÒ¸ 24, ÔÓÎÛ˜ÂÌÓ 0
2022-11-29 12:24:45.380 +03 [5800] —ŒŒ¡Ÿ≈Õ»≈:  Á‡ÔËÒË REDO Ó·‡·ÓÚ‡Ì˚ ‰Ó ÒÏÂ˘ÂÌËˇ 0/2411790, Ì‡„ÛÁÍ‡ ÒËÒÚÂÏ˚: CPU: ÔÓÎ¸ÁÓ‚.: 0.00 Ò, ÒËÒÚÂÏ‡: 0.00 Ò, ÔÓ¯ÎÓ: 0.00 Ò
2022-11-29 12:24:45.451 +03 [5388] —ŒŒ¡Ÿ≈Õ»≈:  ÒËÒÚÂÏ‡ ¡ƒ „ÓÚÓ‚‡ ÔËÌËÏ‡Ú¸ ÔÓ‰ÍÎ˛˜ÂÌËˇ
2022-11-29 13:42:49.805 +03 [9232] –°–û–û–ë–©–ï–ù–ò–ï:  –Ω–µ —É–¥–∞–ª–æ—Å—å –ø–æ–ª—É—á–∏—Ç—å –¥–∞–Ω–Ω—ã–µ –æ—Ç –∫–ª–∏–µ–Ω—Ç–∞: An existing connection was forcibly closed by the remote host.
	
2022-11-29 13:42:49.805 +03 [8652] –°–û–û–ë–©–ï–ù–ò–ï:  –Ω–µ —É–¥–∞–ª–æ—Å—å –ø–æ–ª—É—á–∏—Ç—å –¥–∞–Ω–Ω—ã–µ –æ—Ç –∫–ª–∏–µ–Ω—Ç–∞: An existing connection was forcibly closed by the remote host.
	
2022-11-29 13:42:49.805 +03 [12524] –°–û–û–ë–©–ï–ù–ò–ï:  –Ω–µ —É–¥–∞–ª–æ—Å—å –ø–æ–ª—É—á–∏—Ç—å –¥–∞–Ω–Ω—ã–µ –æ—Ç –∫–ª–∏–µ–Ω—Ç–∞: An existing connection was forcibly closed by the remote host.
	
2022-11-29 13:42:49.805 +03 [11096] –°–û–û–ë–©–ï–ù–ò–ï:  –Ω–µ —É–¥–∞–ª–æ—Å—å –ø–æ–ª—É—á–∏—Ç—å –¥–∞–Ω–Ω—ã–µ –æ—Ç –∫–ª–∏–µ–Ω—Ç–∞: An existing connection was forcibly closed by the remote host.
	
2022-11-29 13:42:49.806 +03 [8056] –°–û–û–ë–©–ï–ù–ò–ï:  –Ω–µ —É–¥–∞–ª–æ—Å—å –ø–æ–ª—É—á–∏—Ç—å –¥–∞–Ω–Ω—ã–µ –æ—Ç –∫–ª–∏–µ–Ω—Ç–∞: An existing connection was forcibly closed by the remote host.
	
2022-11-29 13:42:49.807 +03 [3044] –°–û–û–ë–©–ï–ù–ò–ï:  –Ω–µ —É–¥–∞–ª–æ—Å—å –ø–æ–ª—É—á–∏—Ç—å –¥–∞–Ω–Ω—ã–µ –æ—Ç –∫–ª–∏–µ–Ω—Ç–∞: An existing connection was forcibly closed by the remote host.
	
2022-11-29 13:42:49.808 +03 [4692] –°–û–û–ë–©–ï–ù–ò–ï:  –Ω–µ —É–¥–∞–ª–æ—Å—å –ø–æ–ª—É—á–∏—Ç—å –¥–∞–Ω–Ω—ã–µ –æ—Ç –∫–ª–∏–µ–Ω—Ç–∞: An existing connection was forcibly closed by the remote host.
	
2022-11-29 13:42:49.810 +03 [14164] –°–û–û–ë–©–ï–ù–ò–ï:  –Ω–µ —É–¥–∞–ª–æ—Å—å –ø–æ–ª—É—á–∏—Ç—å –¥–∞–Ω–Ω—ã–µ –æ—Ç –∫–ª–∏–µ–Ω—Ç–∞: An existing connection was forcibly closed by the remote host.
	
2022-11-29 13:42:49.811 +03 [8432] –°–û–û–ë–©–ï–ù–ò–ï:  –Ω–µ —É–¥–∞–ª–æ—Å—å –ø–æ–ª—É—á–∏—Ç—å –¥–∞–Ω–Ω—ã–µ –æ—Ç –∫–ª–∏–µ–Ω—Ç–∞: An existing connection was forcibly closed by the remote host.
	
2022-11-29 13:42:49.812 +03 [9160] –°–û–û–ë–©–ï–ù–ò–ï:  –Ω–µ —É–¥–∞–ª–æ—Å—å –ø–æ–ª—É—á–∏—Ç—å –¥–∞–Ω–Ω—ã–µ –æ—Ç –∫–ª–∏–µ–Ω—Ç–∞: An existing connection was forcibly closed by the remote host.
	
2022-11-29 13:42:49.813 +03 [4536] –°–û–û–ë–©–ï–ù–ò–ï:  –Ω–µ —É–¥–∞–ª–æ—Å—å –ø–æ–ª—É—á–∏—Ç—å –¥–∞–Ω–Ω—ã–µ –æ—Ç –∫–ª–∏–µ–Ω—Ç–∞: An existing connection was forcibly closed by the remote host.
	
2022-11-29 13:42:49.813 +03 [11636] –°–û–û–ë–©–ï–ù–ò–ï:  –Ω–µ —É–¥–∞–ª–æ—Å—å –ø–æ–ª—É—á–∏—Ç—å –¥–∞–Ω–Ω—ã–µ –æ—Ç –∫–ª–∏–µ–Ω—Ç–∞: An existing connection was forcibly closed by the remote host.
	
2022-11-29 13:42:49.813 +03 [11308] –°–û–û–ë–©–ï–ù–ò–ï:  –Ω–µ —É–¥–∞–ª–æ—Å—å –ø–æ–ª—É—á–∏—Ç—å –¥–∞–Ω–Ω—ã–µ –æ—Ç –∫–ª–∏–µ–Ω—Ç–∞: An existing connection was forcibly closed by the remote host.
	
2022-11-29 13:42:49.826 +03 [2288] –°–û–û–ë–©–ï–ù–ò–ï:  –Ω–µ —É–¥–∞–ª–æ—Å—å –ø–æ–ª—É—á–∏—Ç—å –¥–∞–Ω–Ω—ã–µ –æ—Ç –∫–ª–∏–µ–Ω—Ç–∞: An existing connection was forcibly closed by the remote host.
	
2022-11-29 13:42:49.832 +03 [13044] –°–û–û–ë–©–ï–ù–ò–ï:  –Ω–µ —É–¥–∞–ª–æ—Å—å –ø–æ–ª—É—á–∏—Ç—å –¥–∞–Ω–Ω—ã–µ –æ—Ç –∫–ª–∏–µ–Ω—Ç–∞: An existing connection was forcibly closed by the remote host.
	
2022-11-29 16:17:08.369 +03 [1388] –û–®–ò–ë–ö–ê:  –æ—à–∏–±–∫–∞ —Å–∏–Ω—Ç–∞–∫—Å–∏—Å–∞ (–ø—Ä–∏–º–µ—Ä–Ω–æ–µ –ø–æ–ª–æ–∂–µ–Ω–∏–µ: "cashtransfer") (—Å–∏–º–≤–æ–ª 1)
2022-11-29 16:17:08.369 +03 [1388] –û–ü–ï–†–ê–¢–û–†:  cashtransfer
2022-11-29 17:04:54.552 +03 [8844] –û–®–ò–ë–ö–ê:  –≤—ã–ø–æ–ª–Ω–µ–Ω–∏–µ –æ–ø–µ—Ä–∞—Ç–æ—Ä–∞ –æ—Ç–º–µ–Ω–µ–Ω–æ –ø–æ –∑–∞–ø—Ä–æ—Å—É –ø–æ–ª—å–∑–æ–≤–∞—Ç–µ–ª—è
2022-11-29 17:04:54.552 +03 [8844] –û–ü–ï–†–ê–¢–û–†:  SELECT upper(word) as word FROM pg_get_keywords()
	
2022-11-29 17:41:56.185 +03 [9520] –û–®–ò–ë–ö–ê:  –æ—Ç–Ω–æ—à–µ–Ω–∏–µ "carcashaccount" –Ω–µ —Å—É—â–µ—Å—Ç–≤—É–µ—Ç (—Å–∏–º–≤–æ–ª 10449)
2022-11-29 17:41:56.185 +03 [9520] –û–ü–ï–†–ê–¢–û–†:  INSERT INTO bodystyle(stylename) VALUES ('–°–µ–¥–∞–Ω');
	INSERT INTO bodystyle(stylename) VALUES ('–£–Ω–∏–≤–µ—Ä—Å–∞–ª');
	INSERT INTO bodystyle(stylename) VALUES ('–•—ç—Ç—á–±–µ–∫');
	INSERT INTO bodystyle(stylename) VALUES ('–õ–∏—Ñ—Ç–±–µ–∫');
	INSERT INTO bodystyle(stylename) VALUES ('–ö—É–ø–µ');
	INSERT INTO bodystyle(stylename) VALUES ('–õ–∏–º—É–∑–∏–Ω');
	INSERT INTO bodystyle(stylename) VALUES ('–ö–∞–±—Ä–∏–æ–ª–µ—Ç');
	INSERT INTO bodystyle(stylename) VALUES ('–í–Ω–µ–¥–æ—Ä–æ–∂–Ω–∏–∫');
	INSERT INTO bodystyle(stylename) VALUES ('–ú–∏–∫—Ä–æ–∞–≤—Ç–æ–±—É—Å');
	INSERT INTO bodystyle(stylename) VALUES ('–ú–∏–Ω–∏–≤—ç–Ω');
	INSERT INTO bodystyle(stylename) VALUES ('–†–æ–¥—Å—Ç–µ—Ä');
	INSERT INTO bodystyle(stylename) VALUES ('–ü–∏–∫–∞–ø');
	INSERT INTO bodystyle(stylename) VALUES ('–§—É—Ä–≥–æ–Ω');
		
	INSERT INTO brand(name) VALUES ('Acura');
	INSERT INTO brand(name) VALUES ('Alfa Romeo');
	INSERT INTO brand(name) VALUES ('Alpine');
	INSERT INTO brand(name) VALUES ('Land Rover');
	INSERT INTO brand(name) VALUES ('Lexus');
	INSERT INTO brand(name) VALUES ('Lifan');
	INSERT INTO brand(name) VALUES ('Aston Martin');
	INSERT INTO brand(name) VALUES ('Audi');
	INSERT INTO brand(name) VALUES ('Bentley');
	INSERT INTO brand(name) VALUES ('BMW');
	INSERT INTO brand(name) VALUES ('Bugatti');
	INSERT INTO brand(name) VALUES ('Cadillac');
	INSERT INTO brand(name) VALUES ('Chevrolet');
	INSERT INTO brand(name) VALUES ('Chrysler');
	INSERT INTO brand(name) VALUES ('Citroen');
	INSERT INTO brand(name) VALUES ('Dodge');
	INSERT INTO brand(name) VALUES ('Ferrari');
	INSERT INTO brand(name) VALUES ('Fiat');
	INSERT INTO brand(name) VALUES ('Ford');
	INSERT INTO brand(name) VALUES ('Geely');
	INSERT INTO brand(name) VALUES ('Honda');
	INSERT INTO brand(name) VALUES ('Hyundai');
	INSERT INTO brand(name) VALUES ('Infiniti');
	INSERT INTO brand(name) VALUES ('Jaguar');
	INSERT INTO brand(name) VALUES ('Jeep');
	INSERT INTO brand(name) VALUES ('KIA');
	INSERT INTO brand(name) VALUES ('Koenigsegg');
	INSERT INTO brand(name) VALUES ('Lada');
	INSERT INTO brand(name) VALUES ('Lamborghini');
	INSERT INTO brand(name) VALUES ('–£–ê–ó');
	INSERT INTO brand(name) VALUES ('–í–ê–ó');
	INSERT INTO brand(name) VALUES ('Volvo');
	INSERT INTO brand(name) VALUES ('Volkswagen');
	INSERT INTO brand(name) VALUES ('Toyota');
	INSERT INTO brand(name) VALUES ('Tesla');
	INSERT INTO brand(name) VALUES ('Suzuki');
	INSERT INTO brand(name) VALUES ('Subaru');
	INSERT INTO brand(name) VALUES ('smart');
	INSERT INTO brand(name) VALUES ('Skoda');
	INSERT INTO brand(name) VALUES ('SEAT');
	INSERT INTO brand(name) VALUES ('Rolls-Royce');
	INSERT INTO brand(name) VALUES ('Renault');
	INSERT INTO brand(name) VALUES ('Range Rover');
	INSERT INTO brand(name) VALUES ('Porsche');
	INSERT INTO brand(name) VALUES ('Opel');
	INSERT INTO brand(name) VALUES ('Nissan');
	INSERT INTO brand(name) VALUES ('Mitsubishi');
	INSERT INTO brand(name) VALUES ('Mercedes-Benz');
	INSERT INTO brand(name) VALUES ('MCLaren');
	INSERT INTO brand(name) VALUES ('Mazda');
	INSERT INTO brand(name) VALUES ('Maybach');
	INSERT INTO brand(name) VALUES ('Maserati');
	INSERT INTO brand(name) VALUES ('Lotus');
		
	INSERT INTO person(fio, phonenumber, mailadres)
		VALUES 
		(
			'–õ–µ–æ–Ω–æ–≤ –ê–ª–µ–∫—Å–∞–Ω–¥—Ä –ú–∏—Ö–∞–π–ª–æ–≤–∏—á', 
			'+375298608283',
			'PunchBubbaFalling@gmail.com'
		);
	INSERT INTO person(fio, phonenumber, mailadres)
		VALUES 
		(
			'–§—Ä–æ–ª–æ–≤ –ü—ë—Ç—Ä –Ø—Ä–æ—Å–ª–∞–≤–æ–≤–∏—á', 
			'+375296142155',
			'CrackedGlow@gmail.com'
		);
	INSERT INTO person(fio, phonenumber, mailadres)
		VALUES 
		(
			'–ö—É–ª–µ—à–æ–≤ –†–æ–º–∞–Ω –ï–≥–æ—Ä–æ–≤–∏—á', 
			'+375295469723',
			'GermCliffTwig@gmail.com'
		);
	INSERT INTO person(fio, phonenumber, mailadres)
		VALUES 
		(
			'–ö—É–∑–Ω–µ—Ü–æ–≤–∞ –ó–ª–∞—Ç–∞ –ú–∞–∫–∞—Ä–æ–≤–Ω–∞', 
			'+375292562129',
			'SadColt@gmail.com'
		);
	INSERT INTO person(fio, phonenumber, mailadres)
		VALUES 
		(
			'–ù–∏–∫–æ–ª–∞–µ–≤ –í—Å–µ–≤–æ–ª–æ–¥ –ö–∏—Ä–∏–ª–ª–æ–≤–∏—á', 
			'+375298329036',
			'YarnReady@gmail.com'
		);
	INSERT INTO person(fio, phonenumber, mailadres)
		VALUES 
		(
			'–ü–µ—Ç—Ä–æ–≤–∞ –î–∞—Ä–∏—è –ë–æ—Ä–∏—Å–æ–≤–Ω–∞', 
			'+375295359150',
			'MagnumCrowdEcho@gmail.com'
		);
	INSERT INTO person(fio, phonenumber, mailadres)
		VALUES 
		(
			'–ö–æ–Ω–æ–≤–∞–ª–æ–≤–∞ –ê—Ä–∏–Ω–∞ –ú–∏—Ä–æ–Ω–æ–≤–Ω–∞', 
			'+375293243738',
			'CultistSelection@gmail.com'
		);
	INSERT INTO person(fio, phonenumber, mailadres)
		VALUES 
		(
			'–ü–µ—Ç—Ä–æ–≤ –ö–∏—Ä–∏–ª–ª –ú–∞—Ç–≤–µ–µ–≤–∏—á', 
			'+375293594264',
			'EraserGunGame@gmail.com'
		);
	INSERT INTO person(fio, phonenumber, mailadres)
		VALUES 
		(
			'–ü–∞–≤–ª–æ–≤ –í—Å–µ–≤–æ–ª–æ–¥ –í–ª–∞–¥–∏—Å–ª–∞–≤–æ–≤–∏—á', 
			'+375296654715',
			'GeoTouch@gmail.com'
		);
	INSERT INTO person(fio, phonenumber, mailadres)
		VALUES 
		(
			'–ê–∫—Å–µ–Ω–æ–≤ –î–∞–Ω–∏–ª–∞ –†—É—Å–ª–∞–Ω–æ–≤–∏—á', 
			'+375295808266',
			'GirlHawkCamel@gmail.com'
		);
	
		
	INSERT INTO role(name) VALUES ('–ê–¥–º–∏–Ω');
	INSERT INTO role(name) VALUES ('–ú–µ–Ω–µ–¥–∂–µ—Ä');
	INSERT INTO role(name) VALUES ('–†–∞–±–æ—á–∏–π');
		
	INSERT INTO users(login, password, role_idrole) 
		VALUES 
		(
			'admin', 
			'admin',
			1
		);		
	INSERT INTO users(login, password, role_idrole) 
		VALUES 
		(
			'manager', 
			'manager',
			2
		);
	INSERT INTO users(login, password, role_idrole) 
		VALUES 
		(
			'worker', 
			'worker',
			3
		);
		
	INSERT INTO workingequipment(name, assignmentofuse, lasttimeused, price)
		VALUES 
		(
			'–î–æ–º–∫—Ä–∞—Ç', 
			'–ú–∞—à–∏–Ω—É –ø–æ–¥–Ω–∏–º–∞—Ç—å',
			'2022-10-08',
			'30'
		);	
	INSERT INTO workingequipment(name, assignmentofuse, lasttimeused, price)
		VALUES 
		(
			'–ü–æ–¥—ä–µ–º–Ω–∏–∫', 
			'–ú–∞—à–∏–Ω—É –ø–æ–¥–Ω–∏–º–∞—Ç—å',
			'2022-10-08',
			'15000'
		);	
	INSERT INTO workingequipment(name, assignmentofuse, lasttimeused, price)
		VALUES 
		(
			'–†–∞—Å–ø—ã–ª–∏—Ç–µ–ª—å', 
			'–ß—Ç–æ-—Ç–æ –∫—Ä–∞—Å–∏—Ç—å',
			'2022-10-08',
			'20'
		);	
	INSERT INTO workingequipment(name, assignmentofuse, lasttimeused, price)
		VALUES 
		(
			'–ë–∞–ª–≥–∞—Ä–∫–∞', 
			'–ß—Ç–æ-—Ç–æ –ø–∏–ª–∏—Ç—å',
			'2022-10-08',
			'5000'
		);	
	INSERT INTO workingequipment(name, assignmentofuse, lasttimeused, price)
		VALUES 
		(
			'–°–≤–∞—Ä–æ—á–Ω—ã–π –∞–ø–ø–∞—Ä–∞—Ç', 
			'–ß—Ç–æ-—Ç–æ –≤–∞—Ä–∏—Ç—å',
			'2022-10-08',
			'1500'
		);	
	INSERT INTO workingequipment(name, assignmentofuse, lasttimeused, price)
		VALUES 
		(
			'–ù–∞–±–æ—Ä –∏–Ω—Å—Ç—Ä—É–º–µ–Ω—Ç–æ–≤', 
			'–ß—Ç–æ-—Ç–æ –æ—Ç–∫—Ä—É—á–∏–≤–∞—Ç—å\–∑–∞–∫—Ä—É—á–∏–≤–∞—Ç—å',
			'2022-10-08',
			'20'
		);
		
	INSERT INTO service(description, price, requiredtimeh, name)
		VALUES 
		(
			'–î–∞–Ω–Ω—ã–π –≤–∏–¥ —Å–ª–µ—Å–∞—Ä–Ω–æ–≥–æ —Ä–µ–º–æ–Ω—Ç–∞ —Ä–∞—Å—Å—á–∏—Ç–∞–Ω –Ω–∞ –¥–∏–∞–≥–Ω–æ—Å—Ç–∏–∫—É –∏, –≤ —Å–ª—É—á–∞–µ –≤—ã—è–≤–ª–µ–Ω–∏—è –º–µ–ª–∫–∏—Ö –Ω–µ–ø–æ–ª–∞–¥–æ–∫, –∏—Ö —É—Å—Ç—Ä–∞–Ω–µ–Ω–∏–µ. –ü—Ä–∏ —Ç–∞–∫–æ–º –ø–æ–¥—Ö–æ–¥–µ –≤—ã–ø–æ–ª–Ω—è—é—Ç –∑–∞–º–µ–Ω—É –ø–æ—Ä—à–Ω–µ–≤—ã—Ö –∫–æ–ª–µ—Ü, —ç–ª–µ–º–µ–Ω—Ç–æ–≤ —Å–∏—Å—Ç–µ–º—ã –∞–º–æ—Ä—Ç–∏–∑–∞—Ü–∏–∏, –¥–µ—Ç–∞–ª–µ–π —Ç–æ—Ä–º–æ–∑–Ω–æ–π —Å–∏—Å—Ç–µ–º—ã –∏ –ø—Ä–æ—á–µ–µ.',
			'1000',
			'100',
			'–¢–µ–∫—É—â–∏–π —Å–ª–µ—Å–∞—Ä–Ω—ã–π —Ä–µ–º–æ–Ω—Ç'
		);	
	INSERT INTO service(description, price, requiredtimeh, name)
		VALUES 
		(
			'–ü—Ä–∏ —Ç–∞–∫–æ–º —Ä–µ–º–æ–Ω—Ç–µ –∞–≤—Ç–æ–º–æ–±–∏–ª—å —Ä–∞–∑–±–∏—Ä–∞–µ—Ç—Å—è –∏ –æ–ø—Ä–µ–¥–µ–ª—è–µ—Ç—Å—è —Å—Ç–µ–ø–µ–Ω—å –∏–∑–Ω–æ—Å–∞ –∫–∞–∂–¥–æ–π –¥–µ—Ç–∞–ª–∏. –ö–æ–º–ø–ª–µ–∫—Ç—É—é—â–∏–µ, –∏–º–µ—é—â–∏–µ —Å—Ç–µ–ø–µ–Ω—å –∏–∑–Ω–æ—Å–∞ –≤—ã—à–µ —Ä–µ–∫–æ–º–µ–Ω–¥–æ–≤–∞–Ω–Ω–æ–π –ø—Ä–æ–∏–∑–≤–æ–¥–∏—Ç–µ–ª–µ–º, –ø–æ–¥–ª–µ–∂–∞—Ç –∑–∞–º–µ–Ω–µ.',
			'2000',
			'300',
			'–ö–∞–ø–∏—Ç–∞–ª—å–Ω—ã–π —Å–ª–µ—Å–∞—Ä–Ω—ã–π —Ä–µ–º–æ–Ω—Ç'
		);	
	INSERT INTO service(description, price, requiredtimeh, name)
		VALUES 
		(
			'–ü–æ—è–≤–ª–µ–Ω–∏–µ –Ω–µ–∑–Ω–∞—á–∏—Ç–µ–ª—å–Ω—ã—Ö –≤–º—è—Ç–∏–Ω –∏—Å–ø—Ä–∞–≤–ª—è–µ—Ç—Å—è –¥–∞–∂–µ –±–µ–∑ –ø–æ–∫—Ä–∞—Å–æ—á–Ω—ã—Ö —Ä–∞–±–æ—Ç –ø—Ä–∏ —É—Å–ª–æ–≤–∏–∏, —á—Ç–æ –ª–∞–∫–æ–∫—Ä–∞—Å–æ—á–Ω–æ–µ –ø–æ–∫—Ä—ã—Ç–∏–µ –Ω–µ —Ä–∞–∑—Ä—É—à–µ–Ω–æ. –î–ª—è —ç—Ç–æ–≥–æ –∏—Å–ø–æ–ª—å–∑—É—é—Ç —Ä–µ–∑–∏–Ω–æ–≤—ã–π –º–æ–ª–æ—Ç–æ–∫ –≤ –ª–µ–≥–∫–æ–¥–æ—Å—Ç—É–ø–Ω—ã—Ö –º–µ—Å—Ç–∞—Ö –∏–ª–∏ —Å–ø–µ—Ü–∏–∞–ª—å–Ω—ã–µ –∫—Ä—é—á–∫–∏, —Ä—ã—á–∞–≥–∏ –∏ –∫–ª—é—à–∫–∏ –Ω–∞ —Ç—Ä—É–¥–Ω–æ–¥–æ—Å—Ç—É–ø–Ω—ã—Ö —É—á–∞—Å—Ç–∫–∞—Ö –∫—É–∑–æ–≤–∞.',
			'500',
			'100',
			'–£–¥–∞–ª–µ–Ω–∏–µ –≤–º—è—Ç–∏–Ω –∏ —Ä–∏—Ö—Ç–æ–≤–∫–∞'
		);	
	INSERT INTO service(description, price, requiredtimeh, name)
		VALUES 
		(
			'–ù–∞—Ä—É—à–µ–Ω–∏–µ —Ü–µ–ª–æ—Å—Ç–Ω–æ—Å—Ç–∏ –∫—É–∑–æ–≤–∞ –∏—Å–ø—Ä–∞–≤–ª—è–µ—Ç—Å—è –ø–æ—Å—Ä–µ–¥—Å—Ç–≤–æ–º —Å–≤–∞—Ä–æ—á–Ω—ã—Ö —Ä–∞–±–æ—Ç. –î–ª—è —ç—Ç–æ–≥–æ –∏—Å–ø–æ–ª—å–∑—É—é—Ç—Å—è –¥–≤–∞ —Ç–∏–ø–∞ –æ–±–æ—Ä—É–¥–æ–≤–∞–Ω–∏—è: —ç–ª–µ–∫—Ç—Ä–æ–¥–Ω—ã–π —Å–≤–∞—Ä–æ—á–Ω—ã–π –∞–ø–ø–∞—Ä–∞—Ç –∏ –ø–ª–∞–∑–º–µ–Ω–Ω–∞—è —Ä–µ–∑–∫–∞. –ü—Ä–∏ –∏—Å–ø–æ–ª—å–∑–æ–≤–∞–Ω–∏–∏ —ç—Ç–∏—Ö –ø—Ä–∏–±–æ—Ä–æ–≤, –≤–¥–æ–ª—å —Å–≤–∞—Ä–æ—á–Ω–æ–≥–æ —à–≤–∞ –∂–µ–ª–µ–∑–æ –Ω–µ –¥–µ—Ñ–æ—Ä–º–∏—Ä—É–µ—Ç—Å—è.',
			'600',
			'200',
			'–°–≤–∞—Ä–æ—á–Ω—ã–µ —Ä–∞–±–æ—Ç—ã'
		);	
	INSERT INTO service(description, price, requiredtimeh, name)
		VALUES 
		(
			'–ü–æ–¥ –ø–æ–∫—Ä–∞—Å–∫–æ–π –ø–æ–¥—Ä–∞–∑—É–º–µ–≤–∞–µ—Ç—Å—è –Ω–µ—Å–∫–æ–ª—å–∫–æ —ç—Ç–∞–ø–æ–≤: —Ä–∞–±–æ—Ç–∞ —Å –∫—É–∑–æ–≤–æ–º –Ω–∞ —Å–ø–µ—Ü–∏–∞–ª—å–Ω–æ–º –ø–æ—Å—Ç–µ –ø–æ–¥–≥–æ—Ç–æ–≤–∫–∏; –æ–±—Ä–∞–±–æ—Ç–∫–∞ –ª–∞–∫–æ–∫—Ä–∞—Å–æ—á–Ω—ã–º –º–∞—Ç–µ—Ä–∏–∞–ª–æ–º –≤ –ø–æ–∫—Ä–∞—Å–æ—á–Ω–æ–π –∫–∞–º–µ—Ä–µ; —Å—É—à–∫–∞ –≤ —Å—É—à–∏–ª—å–Ω–æ–π –∫–∞–º–µ—Ä–µ. –í –ø–æ–∫—Ä–∞—Å–æ—á–Ω–æ–π –∫–∞–º–µ—Ä–µ —Å–æ–∑–¥–∞—é—Ç—Å—è —Ç–∞–∫–∏–µ —É—Å–ª–æ–≤–∏—è, –≥–¥–µ –¥–∞–∂–µ –≤ –≤–æ–∑–¥—É—Ö–µ –æ—Ç—Å—É—Ç—Å—Ç–≤—É—é—Ç –∑–∞–≥—Ä—è–∑–Ω–µ–Ω–∏—è.',
			'300',
			'100',
			'–ü–æ–∫—Ä–∞—Å–∫–∞'
		);	
	INSERT INTO service(description, price, requiredtimeh, name)
		VALUES 
		(
			'–†–µ—á—å –∏–¥–µ—Ç –Ω–µ —Ç–æ–ª—å–∫–æ –æ–± –∞–≤—Ç–æ—Å–∏–≥–Ω–∞–ª–∏–∑–∞—Ü–∏–∏, –Ω–æ –∏ –æ –º–µ—Ö–∞–Ω–∏—á–µ—Å–∫–æ–π –∑–∞—â–∏—Ç–µ. –î–∞–Ω–Ω–∞—è —É—Å–ª—É–≥–∞ –º–æ–∂–µ—Ç –±—ã—Ç—å –∫–∞–∫ –±—é–¥–∂–µ—Ç–Ω–æ–π, —á—Ç–æ —Ö–∞—Ä–∞–∫—Ç–µ—Ä–∏–∑—É–µ—Ç—Å—è –ø—Ä–æ—Å—Ç–æ–π —É—Å—Ç–∞–Ω–æ–≤–∫–æ–π –∏–º–º–æ–±–∏–ª–∞–π–∑–µ—Ä–∞, —Ç–∞–∫ –∏ –¥–æ—Ä–æ–≥–æ–π, –∫–æ–≥–¥–∞ —Å–æ–∑–¥–∞–µ—Ç—Å—è –∫–æ–º–ø–ª–µ–∫—Å–Ω–∞—è –∑–∞—â–∏—Ç–∞ –∞–≤—Ç–æ–º–æ–±–∏–ª—è.',
			'700',
			'100',
			'–£—Å—Ç–∞–Ω–æ–≤–∫–∞ –æ—Ö—Ä–∞–Ω–Ω—ã—Ö —Å–∏—Å—Ç–µ–º'
		);	
	INSERT INTO service(description, price, requiredtimeh, name)
		VALUES 
		(
			'–ó–∞–≤–æ–¥—Å–∫–∏–µ —Å–µ—Ç–∫–∏ —Ä–∞–¥–∏–∞—Ç–æ—Ä–∞ –∏–∑–≥–æ—Ç–∞–≤–ª–∏–≤–∞—é—Ç—Å—è –∏–∑ –ø–ª–∞—Å—Ç–∏–∫–∞ —Å –º–∏–Ω–∏–º–∞–ª—å–Ω—ã–º —Ä–∞—Å—Å—Ç–æ—è–Ω–∏–µ–º –º–µ–∂–¥—É —Ä–µ–±—Ä–∞–º–∏ –≤ 2 —Å–∞–Ω—Ç–∏–º–µ—Ç—Ä–∞. –ß—Ç–æ–±—ã –∏—Å–∫–ª—é—á–∏—Ç—å –ø–æ–ø–∞–¥–∞–Ω–∏–µ –≤ —Ä–∞–¥–∏–∞—Ç–æ—Ä –ø–æ—Å—Ç–æ—Ä–æ–Ω–Ω–µ–≥–æ –º—É—Å–æ—Ä–∞, –∏–º–µ—é—â–µ–≥–æ –º–µ–Ω—å—à–∏–π —Ä–∞–∑–º–µ—Ä, —Ä–µ–∫–æ–º–µ–Ω–¥—É–µ—Ç—Å—è —É—Å—Ç–∞–Ω–æ–≤–∫–∞ –∑–∞—â–∏—Ç–Ω–æ–π —Å–µ—Ç–∫–∏.',
			'50',
			'24',
			'–°–µ—Ç–∫–∞ –¥–ª—è –∑–∞—â–∏—Ç—ã —Ä–∞–¥–∏–∞—Ç–æ—Ä–∞'
		);	
	INSERT INTO service(description, price, requiredtimeh, name)
		VALUES 
		(
			'–ü–æ—Å–ª–µ –ø—Ä–æ–≤–µ–¥–µ–Ω–∏—è –º–µ—Ä–æ–ø—Ä–∏—è—Ç–∏–π –ø–æ —à—É–º–æ–∏–∑–æ–ª—è—Ü–∏–∏, –∑–∞–º–µ—Ç–Ω–æ —Å–Ω–∏–∂–∞–µ—Ç—Å—è —É—Ä–æ–≤–µ–Ω—å —à—É–º–∞, –ø–æ—Å—Ç—É–ø–∞—é—â–µ–≥–æ –≤ —Å–∞–ª–æ–Ω –∞–≤—Ç–æ–º–æ–±–∏–ª—è —Å —É–ª–∏—Ü—ã. –ö—Ä–æ–º–µ —Ç–æ–≥–æ, —Ç–∞–∫–∏–µ —è–≤–ª–µ–Ω–∏—è, –∫–∞–∫ –¥—Ä–µ–±–µ–∑–∂–∞–Ω–∏–µ –æ—Ç–¥–µ–ª—å–Ω—ã—Ö —ç–ª–µ–º–µ–Ω—Ç–æ–≤ –∫—É–∑–æ–≤–∞, –ø–æ—Å—Ç–æ—Ä–æ–Ω–Ω–∏–µ —Å–∫—Ä–∏–ø—ã –∏ —Å—Ç—É–∫–∏ –ø–æ–ª–Ω–æ—Å—Ç—å—é —É—Å—Ç—Ä–∞–Ω—è—é—Ç—Å—è.',
			'500',
			'100',
			'–®—É–º–æ–∏–∑–æ–ª—è—Ü–∏—è –∞–≤—Ç–æ'
		);	
	INSERT INTO service(description, price, requiredtimeh, name)
		VALUES 
		(
			'–î–∞–Ω–Ω–æ–µ –ø—Ä–µ–¥–ª–æ–∂–µ–Ω–∏–µ –∞–≤—Ç–æ—Å–µ—Ä–≤–∏—Å–æ–≤ –ø–æ–¥—Ä–∞–∑—É–º–µ–≤–∞–µ—Ç –Ω–∞–Ω–µ—Å–µ–Ω–∏–µ –Ω–∞ –ª–æ–±–æ–≤–æ–µ —Å—Ç–µ–∫–ª–æ —Ç–æ–Ω—á–∞–π—à–µ–≥–æ –ø–æ–∫—Ä—ã—Ç–∏—è —Å –≤—ã—Å–æ–∫–∏–º–∏ –≤–æ–¥–æ–æ—Ç—Ç–∞–ª–∫–∏–≤–∞—é—â–∏–º–∏ —Å–≤–æ–π—Å—Ç–≤–∞–º–∏. –ë–ª–∞–≥–æ–¥–∞—Ä—è —Ç–∞–∫–æ–º—É –ø–æ–∫—Ä—ã—Ç–∏—é, –Ω–∞ —Å–∫–æ—Ä–æ—Å—Ç–∏ —Å–≤—ã—à–µ 60 –∫–º/—á –¥–æ–∂–¥–µ–≤–∞—è –≤–æ–¥–∞ –±—É–¥–µ—Ç —ç—Ñ—Ñ–µ–∫—Ç–∏–≤–Ω–µ–µ —Å—Ç–µ–∫–∞—Ç—å –ø–æ —Å—Ç–µ–∫–ª—É, –ø—Ä–∞–∫—Ç–∏—á–µ—Å–∫–∏ –±–µ–∑ –ø–æ–º–æ—â–∏ –¥–≤–æ—Ä–Ω–∏–∫–æ–≤. ',
			'100',
			'48',
			'–ê–Ω—Ç–∏–¥–æ–∂–¥—å'
		);	
	INSERT INTO service(description, price, requiredtimeh, name)
		VALUES 
		(
			'–ë–ª–∞–≥–æ–¥–∞—Ä—è —Ç–æ–Ω–∏—Ä–æ–≤–æ—á–Ω–æ–π –ø–ª–µ–Ω–∫–µ –º–æ–∂–Ω–æ –Ω–µ —Ç–æ–ª—å–∫–æ —É–ª—É—á—à–∏—Ç—å –≤–Ω–µ—à–Ω–∏–π –≤–∏–¥ —ç–∫—Å—Ç–µ—Ä—å–µ—Ä–∞ –∞–≤—Ç–æ–º–æ–±–∏–ª—è, –Ω–æ –∏ —Å–¥–µ–ª–∞—Ç—å –ø—Ä–µ–±—ã–≤–∞–Ω–∏–µ –≤ —Å–∞–ª–æ–Ω–µ –±–æ–ª–µ–µ –∫–æ–º—Ñ–æ—Ä—Ç–Ω—ã–º. –≠—Ç–æ –æ–±—É—Å–ª–æ–≤–ª–µ–Ω–æ –ø–æ–≥–ª–æ—â–µ–Ω–∏–µ–º —á–∞—Å—Ç–∏ —Å–æ–ª–Ω–µ—á–Ω—ã—Ö –ª—É—á–µ–π –ø–ª–µ–Ω–∫–æ–π. –ß–µ–º –æ–Ω–∞ —Ç–µ–º–Ω–µ–µ, —Ç–µ–º –±–æ–ª—å—à–µ —Å–≤–µ—Ç–æ–≤—ã—Ö –ª—É—á–µ–π –ø–æ–≥–ª–æ—â–∞–µ—Ç—Å—è.',
			'200',
			'100',
			'–¢–æ–Ω–∏—Ä–æ–≤–∫–∞ —Å—Ç–µ–∫–æ–ª'
		);	
	INSERT INTO service(description, price, requiredtimeh, name)
		VALUES 
		(
			'–£—Å—Ç–∞–Ω–æ–≤–∫–∞ –¥–∞–Ω–Ω–æ–≥–æ –ø—Ä–∏—Å–ø–æ—Å–æ–±–ª–µ–Ω–∏—è –ø–æ–∑–≤–æ–ª—è–µ—Ç –ø—Ä–µ–¥–æ—Ç–≤—Ä–∞—Ç–∏—Ç—å –∑–∞–ø–æ—Ç–µ–≤–∞–Ω–∏–µ –ª–æ–±–æ–≤–æ–≥–æ —Å—Ç–µ–∫–ª–∞ –≤ —Å–∞–ª–æ–Ω–µ, –∞ –ø–æ—Ç–æ–º—É –≤–∏–¥–∏–º–æ—Å—Ç—å –Ω–µ —É—Ö—É–¥—à–∞–µ—Ç—Å—è –ø—Ä–∏ —Ä–∞–∑–Ω–æ—Å—Ç–∏ —Ç–µ–º–ø–µ—Ä–∞—Ç—É—Ä –≤–Ω–µ—à–Ω–µ–π –∏ –≤–Ω—É—Ç—Ä–µ–Ω–Ω–µ–π —Å—Ç–æ—Ä–æ–Ω—ã —Å—Ç–µ–∫–ª–∞. –≠–∫—Å–ø–ª—É–∞—Ç–∞—Ü–∏–æ–Ω–Ω—ã–π —Å—Ä–æ–∫ –∞–Ω—Ç–∏–∑–∞–ø–æ—Ç–µ–≤–∞—Ç–µ–ª—è —Å–æ—Å—Ç–∞–≤–ª—è–µ—Ç –ø—Ä–∏–º–µ—Ä–Ω–æ 4 –º–µ—Å—è—Ü–∞.',
			'50',
			'48',
			'–ê–Ω—Ç–∏–∑–∞–ø–æ—Ç–µ–≤–∞—Ç–µ–ª—å'
		);
		
	INSERT INTO model(name, brand_idbrand, bodystyle_idbodystyle)
		VALUES 
		(
			'M8 Coupe',
			10,
			5
		);	
	INSERT INTO model(name, brand_idbrand, bodystyle_idbodystyle)
		VALUES 
		(
			'E34',
			10,
			1
		);	
	INSERT INTO model(name, brand_idbrand, bodystyle_idbodystyle)
		VALUES 
		(
			'Vesta',
			28,
			1
		);	
	INSERT INTO model(name, brand_idbrand, bodystyle_idbodystyle)
		VALUES 
		(
			'Granta',
			28,
			1
		);	
	INSERT INTO model(name, brand_idbrand, bodystyle_idbodystyle)
		VALUES 
		(
			'Rio',
			26,
			1
		);
		
	INSERT INTO cashaccount(cardnumber, person_idperson)
		VALUES 
		(
			'17409488245517115276',
			1
		);	
	INSERT INTO carcashaccount(cardnumber, person_idperson)
		VALUES 
		(
			'31233411387427793198',
			3
		);	
	INSERT INTO cashaccount(cardnumber, person_idperson)
		VALUES 
		(
			'14232216857618927954',
			2
		);	
	INSERT INTO cashaccount(cardnumber, person_idperson)
		VALUES 
		(
			'65028602486509006138',
			4
		);	
	INSERT INTO cashaccount(cardnumber, person_idperson)
		VALUES 
		(
			'93446066184963788291',
			5
		);	
	INSERT INTO cashaccount(cardnumber, person_idperson)
		VALUES 
		(
			'35984076361542097372',
			6
		);	
	INSERT INTO cashaccount(cardnumber, person_idperson)
		VALUES 
		(
			'60165754120014607177',
			7
		);	
	INSERT INTO cashaccount(cardnumber, person_idperson)
		VALUES 
		(
			'77335998182660380125',
			8
		);	
	INSERT INTO cashaccount(cardnumber, person_idperson)
		VALUES 
		(
			'09478351201640618984',
			9
		);	
	INSERT INTO cashaccount(cardnumber, person_idperson)
		VALUES 
		(
			'14398808778383710734',
			10
		);
		
	INSERT INTO cashtransfer(cash, cashaccount_idcashaccount, type)
		VALUES 
		(
			'1000',
			6, 
			'Client'
		);	
	INSERT INTO cashtransfer(cash, cashaccount_idcashaccount, type)
		VALUES 
		(
			'1500',
			7, 
			'Client'
		);	
	INSERT INTO cashtransfer(cash, cashaccount_idcashaccount, type)
		VALUES 
		(
			'50',
			8, 
			'Client'
		);	
	INSERT INTO cashtransfer(cash, cashaccount_idcashaccount, type)
		VALUES 
		(
			'100',
			9, 
			'Client'
		);	
	INSERT INTO cashtransfer(cash, cashaccount_idcashaccount, type)
		VALUES 
		(
			'2900',
			10, 
			'Client'
		);
		
	INSERT INTO client(person_idperson, lastvisit)
		VALUES 
		(
			6,
			'2022-06-23'
		);	
	INSERT INTO client(person_idperson, lastvisit)
		VALUES 
		(
			7,
			'2022-01-10'
		);	
	INSERT INTO client(person_idperson, lastvisit)
		VALUES 
		(
			8,
			'2022-09-01'
		);	
	INSERT INTO client(person_idperson, lastvisit)
		VALUES 
		(
			9,
			'2022-10-19'
		);	
	INSERT INTO client(person_idperson, lastvisit)
		VALUES 
		(
			10,
			'2022-11-21'
		);
		
	INSERT INTO worker(salary, hiredate, unpaidhours, paidhours, qualification, personalqualities, person_idperson)
		VALUES 
		(
			'15', 
			'2016-06-23', 
			'0', 
			'19545', 
			'–ê–≤—Ç–æ—Å–ª–µ—Å–∞—Ä—å', 
			'–ù–æ—Ä–º —á–µ–ª', 
			'1'
		);	
	INSERT INTO worker(salary, hiredate, unpaidhours, paidhours, qualification, personalqualities, person_idperson)
		VALUES 
		(
			'14', 
			'2017-06-23', 
			'0', 
			'16545', 
			'–ê–≤—Ç–æ—Å–ª–µ—Å–∞—Ä—å', 
			'–ù–æ—Ä–º —á–µ–ª, –∏–≥—Ä–∞–µ—Ç –≤ –¥–æ—Ç—É', 
			'2'
		);	
	INSERT INTO worker(salary, hiredate, unpaidhours, paidhours, qualification, personalqualities, person_idperson)
		VALUES 
		(
			'20', 
			'2018-06-23', 
			'0', 
			'13545', 
			'–ê–≤—Ç–æ—Å–ª–µ—Å–∞—Ä—å', 
			'–•–∞—Ä–∞–∫—Ç–µ—Ä –Ω–µ –æ—á. –Ω–æ —Å–≤–æ–µ –¥–µ–ª–æ –∑–Ω–∞–µ—Ç.', 
			'3'
		);	
	INSERT INTO worker(salary, hiredate, unpaidhours, paidhours, qualification, personalqualities, person_idperson)
		VALUES 
		(
			'10', 
			'2020-06-23', 
			'10', 
			'4545', 
			'–ê–≤—Ç–æ—Å–ª–µ—Å–∞—Ä—å', 
			'–î—É—à–∞ –∫–æ–ª–ª–µ–∫—Ç–∏–≤–∞', 
			'4'
		);	
	INSERT INTO worker(salary, hiredate, unpaidhours, paidhours, qualification, personalqualities, person_idperson)
		VALUES 
		(
			'9', 
			'2021-06-23', 
			'10', 
			'1545', 
			'–ê–≤—Ç–æ—Å–ª–µ—Å–∞—Ä—å', 
			'–¢–∏—Ö–∏–π, —Å–ø–æ–∫–æ–π–Ω—ã–π', 
			'5'
		);
		
	INSERT INTO car(
		defects, client_person_idperson, model_idmodel)
		VALUES 
		( 
			'',
			'6', 
			'1'
		);	
	INSERT INTO car(
		defects, client_person_idperson, model_idmodel)
		VALUES 
		( 
			'',
			'7', 
			'2'
		);	
	INSERT INTO car(
		defects, client_person_idperson, model_idmodel)
		VALUES 
		( 
			'',
			'8', 
			'3'
		);	
	INSERT INTO car(
		defects, client_person_idperson, model_idmodel)
		VALUES 
		( 
			'',
			'9', 
			'4'
		);	
	INSERT INTO car(
		defects, client_person_idperson, model_idmodel)
		VALUES 
		( 
			'',
			'10', 
			'5'
		);
		
	INSERT INTO document(
		text, workedhours, cashtransfer_idcashtransfer, workacceptdate, workdonedate, car_idcar, price)
		VALUES 
		(
			'', 
			'100', 
			'1', 
			'2022-01-01', 
			'2022-06-23', 
			'1', 
			'1000'
		);	
	INSERT INTO document(
		text, workedhours, cashtransfer_idcashtransfer, workacceptdate, workdonedate, car_idcar, price)
		VALUES 
		(
			'', 
			'200', 
			'2', 
			'2022-01-01', 
			'2022-01-10', 
			'2', 
			'1500'
		);	
	INSERT INTO document(
		text, workedhours, cashtransfer_idcashtransfer, workacceptdate, workdonedate, car_idcar, price)
		VALUES 
		(
			'', 
			'24', 
			'3', 
			'2022-01-01', 
			'2022-09-01', 
			'3', 
			'50'
		);	
	INSERT INTO document(
		text, workedhours, cashtransfer_idcashtransfer, workacceptdate, workdonedate, car_idcar, price)
		VALUES 
		(
			'', 
			'72', 
			'4', 
			'2022-01-01', 
			'2022-10-19', 
			'4', 
			'100'
		);	
	INSERT INTO document(
		text, workedhours, cashtransfer_idcashtransfer, workacceptdate, workdonedate, car_idcar, price)
		VALUES 
		(
			'', 
			'600', 
			'5', 
			'2022-01-01', 
			'2022-11-21', 
			'5', 
			'2900'
		);
		
		
	INSERT INTO component(name, price, dateofmanufacture)
		VALUES 
		(
			'–î–≤–∏–≥–∞—Ç–µ–ª—å', 
			'500', 
			'2015-01-01'
		);	
	INSERT INTO component(name, price, dateofmanufacture)
		VALUES 
		(
			'–õ–æ–±–æ–≤–æ–µ —Å—Ç–µ–∫–ª–æ', 
			'200', 
			'2015-01-01'
		);	
	INSERT INTO component(name, price, dateofmanufacture)
		VALUES 
		(
			'–ê–∫–∫—É–º—É–ª—è—Ç–æ—Ä', 
			'150', 
			'2015-01-01'
		);	
	INSERT INTO component(name, price, dateofmanufacture)
		VALUES 
		(
			'–ö—Ä—ã—à–∫–∞ –ø–æ—Ä—à–Ω—è', 
			'20', 
			'2015-01-01'
		);	
	INSERT INTO component(name, price, dateofmanufacture)
		VALUES 
		(
			'–ö—Ä–∞—Å–∫–∞', 
			'100', 
			'2015-01-01'
		);
		
	INSERT INTO car_component(component_idcomponent, car_idcar)
		VALUES 
		(
			1,
			1
		);	
	INSERT INTO car_component(component_idcomponent, car_idcar)
		VALUES 
		(
			2,
			2
		);	
	INSERT INTO car_component(component_idcomponent, car_idcar)
		VALUES 
		(
			3,
			3
		);	
	INSERT INTO car_component(component_idcomponent, car_idcar)
		VALUES 
		(
			4,
			4
		);	
	INSERT INTO car_component(component_idcomponent, car_idcar)
		VALUES 
		(
			5,
			5
		);
		
	INSERT INTO document_service(
		document_iddocument, service_idservice)
		VALUES 
		(
			1, 
			1
		);	
	INSERT INTO document_service(
		document_iddocument, service_idservice)
		VALUES 
		(
			2, 
			1
		);	
	INSERT INTO document_service(
		document_iddocument, service_idservice)
		VALUES 
		(
			2, 
			3
		);	
	INSERT INTO document_service(
		document_iddocument, service_idservice)
		VALUES 
		(
			3, 
			7
		);	
	INSERT INTO document_service(
		document_iddocument, service_idservice)
		VALUES 
		(
			4, 
			7
		);	
	INSERT INTO document_service(
		document_iddocument, service_idservice)
		VALUES 
		(
			4, 
			11
		);	
	INSERT INTO document_service(
		document_iddocument, service_idservice)
		VALUES 
		(
			5, 
			2
		);	
	INSERT INTO document_service(
		document_iddocument, service_idservice)
		VALUES 
		(
			5, 
			5
		);	
	INSERT INTO document_service(
		document_iddocument, service_idservice)
		VALUES 
		(
			5, 
			4
		);
		
	INSERT INTO worker_document(worker_person_idperson, document_iddocument)
		VALUES 
		(
			1, 
			1
		);	
	INSERT INTO worker_document(worker_person_idperson, document_iddocument)
		VALUES 
		(
			1, 
			2
		);	
	INSERT INTO worker_document(worker_person_idperson, document_iddocument)
		VALUES 
		(
			2, 
			3
		);	
	INSERT INTO worker_document(worker_person_idperson, document_iddocument)
		VALUES 
		(
			2, 
			4
		);	
	INSERT INTO worker_document(worker_person_idperson, document_iddocument)
		VALUES 
		(
			3, 
			4
		);	
	INSERT INTO worker_document(worker_person_idperson, document_iddocument)
		VALUES 
		(
			3, 
			1
		);	
	INSERT INTO worker_document(worker_person_idperson, document_iddocument)
		VALUES 
		(
			4, 
			1
		);	
	INSERT INTO worker_document(worker_person_idperson, document_iddocument)
		VALUES 
		(
			4, 
			2
		);	
	INSERT INTO worker_document(worker_person_idperson, document_iddocument)
		VALUES 
		(
			4, 
			4
		);	
	INSERT INTO worker_document(worker_person_idperson, document_iddocument)
		VALUES 
		(
			4, 
			5
		);	
	INSERT INTO worker_document(worker_person_idperson, document_iddocument)
		VALUES 
		(
			5, 
			5
		);	
	INSERT INTO worker_document(worker_person_idperson, document_iddocument)
		VALUES 
		(
			5, 
			4
		);	
	INSERT INTO worker_document(worker_person_idperson, document_iddocument)
		VALUES 
		(
			5, 
			3
		);	
	INSERT INTO worker_document(worker_person_idperson, document_iddocument)
		VALUES 
		(
			5, 
			2
		);	
	INSERT INTO worker_document(worker_person_idperson, document_iddocument)
		VALUES 
		(
			5, 
			1
		);	
	INSERT INTO worker_document(worker_person_idperson, document_iddocument)
		VALUES 
		(
			1, 
			5
		);	
	INSERT INTO worker_document(worker_person_idperson, document_iddocument)
		VALUES 
		(
			2, 
			5
		);
		
	INSERT INTO service_workingequipment(service_idservice, workingequipment_idworkingequipment)
		VALUES (1, 2);	
	INSERT INTO service_workingequipment(service_idservice, workingequipment_idworkingequipment)
		VALUES (1, 4);	
	INSERT INTO service_workingequipment(service_idservice, workingequipment_idworkingequipment)
		VALUES (2, 2);	
	INSERT INTO service_workingequipment(service_idservice, workingequipment_idworkingequipment)
		VALUES (1, 1);	
	INSERT INTO service_workingequipment(service_idservice, workingequipment_idworkingequipment)
		VALUES (2, 4);	
	INSERT INTO service_workingequipment(service_idservice, workingequipment_idworkingequipment)
		VALUES (3, 1);	
	INSERT INTO service_workingequipment(service_idservice, workingequipment_idworkingequipment)
		VALUES (3, 4);	
	INSERT INTO service_workingequipment(service_idservice, workingequipment_idworkingequipment)
		VALUES (4, 2);	
	INSERT INTO service_workingequipment(service_idservice, workingequipment_idworkingequipment)
		VALUES (4, 5);	
	INSERT INTO service_workingequipment(service_idservice, workingequipment_idworkingequipment)
		VALUES (4, 6);	
	INSERT INTO service_workingequipment(service_idservice, workingequipment_idworkingequipment)
		VALUES (4, 3);	
	INSERT INTO service_workingequipment(service_idservice, workingequipment_idworkingequipment)
		VALUES (5, 3);	
	INSERT INTO service_workingequipment(service_idservice, workingequipment_idworkingequipment)
		VALUES (6, 2);	
	INSERT INTO service_workingequipment(service_idservice, workingequipment_idworkingequipment)
		VALUES (6, 4);	
	INSERT INTO service_workingequipment(service_idservice, workingequipment_idworkingequipment)
		VALUES (7, 4);	
	INSERT INTO service_workingequipment(service_idservice, workingequipment_idworkingequipment)
		VALUES (8, 4);	
	INSERT INTO service_workingequipment(service_idservice, workingequipment_idworkingequipment)
		VALUES (8, 2);	
	INSERT INTO service_workingequipment(service_idservice, workingequipment_idworkingequipment)
		VALUES (9, 4);	
	INSERT INTO service_workingequipment(service_idservice, workingequipment_idworkingequipment)
		VALUES (11, 4);	
	INSERT INTO service_workingequipment(service_idservice, workingequipment_idworkingequipment)
		VALUES (12, 4);
2022-11-29 17:42:33.979 +03 [9520] –û–®–ò–ë–ö–ê:  INSERT –∏–ª–∏ UPDATE –≤ —Ç–∞–±–ª–∏—Ü–µ "users" –Ω–∞—Ä—É—à–∞–µ—Ç –æ–≥—Ä–∞–Ω–∏—á–µ–Ω–∏–µ –≤–Ω–µ—à–Ω–µ–≥–æ –∫–ª—é—á–∞ "users_role_idrole_fkey"
2022-11-29 17:42:33.979 +03 [9520] –ü–û–î–†–û–ë–ù–û–°–¢–ò:  –ö–ª—é—á (role_idrole)=(1) –æ—Ç—Å—É—Ç—Å—Ç–≤—É–µ—Ç –≤ —Ç–∞–±–ª–∏—Ü–µ "role".
2022-11-29 17:42:33.979 +03 [9520] –û–ü–ï–†–ê–¢–û–†:  INSERT INTO bodystyle(stylename) VALUES ('–°–µ–¥–∞–Ω');
	INSERT INTO bodystyle(stylename) VALUES ('–£–Ω–∏–≤–µ—Ä—Å–∞–ª');
	INSERT INTO bodystyle(stylename) VALUES ('–•—ç—Ç—á–±–µ–∫');
	INSERT INTO bodystyle(stylename) VALUES ('–õ–∏—Ñ—Ç–±–µ–∫');
	INSERT INTO bodystyle(stylename) VALUES ('–ö—É–ø–µ');
	INSERT INTO bodystyle(stylename) VALUES ('–õ–∏–º—É–∑–∏–Ω');
	INSERT INTO bodystyle(stylename) VALUES ('–ö–∞–±—Ä–∏–æ–ª–µ—Ç');
	INSERT INTO bodystyle(stylename) VALUES ('–í–Ω–µ–¥–æ—Ä–æ–∂–Ω–∏–∫');
	INSERT INTO bodystyle(stylename) VALUES ('–ú–∏–∫—Ä–æ–∞–≤—Ç–æ–±—É—Å');
	INSERT INTO bodystyle(stylename) VALUES ('–ú–∏–Ω–∏–≤—ç–Ω');
	INSERT INTO bodystyle(stylename) VALUES ('–†–æ–¥—Å—Ç–µ—Ä');
	INSERT INTO bodystyle(stylename) VALUES ('–ü–∏–∫–∞–ø');
	INSERT INTO bodystyle(stylename) VALUES ('–§—É—Ä–≥–æ–Ω');
		
	INSERT INTO brand(name) VALUES ('Acura');
	INSERT INTO brand(name) VALUES ('Alfa Romeo');
	INSERT INTO brand(name) VALUES ('Alpine');
	INSERT INTO brand(name) VALUES ('Land Rover');
	INSERT INTO brand(name) VALUES ('Lexus');
	INSERT INTO brand(name) VALUES ('Lifan');
	INSERT INTO brand(name) VALUES ('Aston Martin');
	INSERT INTO brand(name) VALUES ('Audi');
	INSERT INTO brand(name) VALUES ('Bentley');
	INSERT INTO brand(name) VALUES ('BMW');
	INSERT INTO brand(name) VALUES ('Bugatti');
	INSERT INTO brand(name) VALUES ('Cadillac');
	INSERT INTO brand(name) VALUES ('Chevrolet');
	INSERT INTO brand(name) VALUES ('Chrysler');
	INSERT INTO brand(name) VALUES ('Citroen');
	INSERT INTO brand(name) VALUES ('Dodge');
	INSERT INTO brand(name) VALUES ('Ferrari');
	INSERT INTO brand(name) VALUES ('Fiat');
	INSERT INTO brand(name) VALUES ('Ford');
	INSERT INTO brand(name) VALUES ('Geely');
	INSERT INTO brand(name) VALUES ('Honda');
	INSERT INTO brand(name) VALUES ('Hyundai');
	INSERT INTO brand(name) VALUES ('Infiniti');
	INSERT INTO brand(name) VALUES ('Jaguar');
	INSERT INTO brand(name) VALUES ('Jeep');
	INSERT INTO brand(name) VALUES ('KIA');
	INSERT INTO brand(name) VALUES ('Koenigsegg');
	INSERT INTO brand(name) VALUES ('Lada');
	INSERT INTO brand(name) VALUES ('Lamborghini');
	INSERT INTO brand(name) VALUES ('–£–ê–ó');
	INSERT INTO brand(name) VALUES ('–í–ê–ó');
	INSERT INTO brand(name) VALUES ('Volvo');
	INSERT INTO brand(name) VALUES ('Volkswagen');
	INSERT INTO brand(name) VALUES ('Toyota');
	INSERT INTO brand(name) VALUES ('Tesla');
	INSERT INTO brand(name) VALUES ('Suzuki');
	INSERT INTO brand(name) VALUES ('Subaru');
	INSERT INTO brand(name) VALUES ('smart');
	INSERT INTO brand(name) VALUES ('Skoda');
	INSERT INTO brand(name) VALUES ('SEAT');
	INSERT INTO brand(name) VALUES ('Rolls-Royce');
	INSERT INTO brand(name) VALUES ('Renault');
	INSERT INTO brand(name) VALUES ('Range Rover');
	INSERT INTO brand(name) VALUES ('Porsche');
	INSERT INTO brand(name) VALUES ('Opel');
	INSERT INTO brand(name) VALUES ('Nissan');
	INSERT INTO brand(name) VALUES ('Mitsubishi');
	INSERT INTO brand(name) VALUES ('Mercedes-Benz');
	INSERT INTO brand(name) VALUES ('MCLaren');
	INSERT INTO brand(name) VALUES ('Mazda');
	INSERT INTO brand(name) VALUES ('Maybach');
	INSERT INTO brand(name) VALUES ('Maserati');
	INSERT INTO brand(name) VALUES ('Lotus');
		
	INSERT INTO person(fio, phonenumber, mailadres)
		VALUES 
		(
			'–õ–µ–æ–Ω–æ–≤ –ê–ª–µ–∫—Å–∞–Ω–¥—Ä –ú–∏—Ö–∞–π–ª–æ–≤–∏—á', 
			'+375298608283',
			'PunchBubbaFalling@gmail.com'
		);
	INSERT INTO person(fio, phonenumber, mailadres)
		VALUES 
		(
			'–§—Ä–æ–ª–æ–≤ –ü—ë—Ç—Ä –Ø—Ä–æ—Å–ª–∞–≤–æ–≤–∏—á', 
			'+375296142155',
			'CrackedGlow@gmail.com'
		);
	INSERT INTO person(fio, phonenumber, mailadres)
		VALUES 
		(
			'–ö—É–ª–µ—à–æ–≤ –†–æ–º–∞–Ω –ï–≥–æ—Ä–æ–≤–∏—á', 
			'+375295469723',
			'GermCliffTwig@gmail.com'
		);
	INSERT INTO person(fio, phonenumber, mailadres)
		VALUES 
		(
			'–ö—É–∑–Ω–µ—Ü–æ–≤–∞ –ó–ª–∞—Ç–∞ –ú–∞–∫–∞—Ä–æ–≤–Ω–∞', 
			'+375292562129',
			'SadColt@gmail.com'
		);
	INSERT INTO person(fio, phonenumber, mailadres)
		VALUES 
		(
			'–ù–∏–∫–æ–ª–∞–µ–≤ –í—Å–µ–≤–æ–ª–æ–¥ –ö–∏—Ä–∏–ª–ª–æ–≤–∏—á', 
			'+375298329036',
			'YarnReady@gmail.com'
		);
	INSERT INTO person(fio, phonenumber, mailadres)
		VALUES 
		(
			'–ü–µ—Ç—Ä–æ–≤–∞ –î–∞—Ä–∏—è –ë–æ—Ä–∏—Å–æ–≤–Ω–∞', 
			'+375295359150',
			'MagnumCrowdEcho@gmail.com'
		);
	INSERT INTO person(fio, phonenumber, mailadres)
		VALUES 
		(
			'–ö–æ–Ω–æ–≤–∞–ª–æ–≤–∞ –ê—Ä–∏–Ω–∞ –ú–∏—Ä–æ–Ω–æ–≤–Ω–∞', 
			'+375293243738',
			'CultistSelection@gmail.com'
		);
	INSERT INTO person(fio, phonenumber, mailadres)
		VALUES 
		(
			'–ü–µ—Ç—Ä–æ–≤ –ö–∏—Ä–∏–ª–ª –ú–∞—Ç–≤–µ–µ–≤–∏—á', 
			'+375293594264',
			'EraserGunGame@gmail.com'
		);
	INSERT INTO person(fio, phonenumber, mailadres)
		VALUES 
		(
			'–ü–∞–≤–ª–æ–≤ –í—Å–µ–≤–æ–ª–æ–¥ –í–ª–∞–¥–∏—Å–ª–∞–≤–æ–≤–∏—á', 
			'+375296654715',
			'GeoTouch@gmail.com'
		);
	INSERT INTO person(fio, phonenumber, mailadres)
		VALUES 
		(
			'–ê–∫—Å–µ–Ω–æ–≤ –î–∞–Ω–∏–ª–∞ –†—É—Å–ª–∞–Ω–æ–≤–∏—á', 
			'+375295808266',
			'GirlHawkCamel@gmail.com'
		);
	
		
	INSERT INTO role(name) VALUES ('–ê–¥–º–∏–Ω');
	INSERT INTO role(name) VALUES ('–ú–µ–Ω–µ–¥–∂–µ—Ä');
	INSERT INTO role(name) VALUES ('–†–∞–±–æ—á–∏–π');
		
	INSERT INTO users(login, password, role_idrole) 
		VALUES 
		(
			'admin', 
			'admin',
			1
		);		
	INSERT INTO users(login, password, role_idrole) 
		VALUES 
		(
			'manager', 
			'manager',
			2
		);
	INSERT INTO users(login, password, role_idrole) 
		VALUES 
		(
			'worker', 
			'worker',
			3
		);
		
	INSERT INTO workingequipment(name, assignmentofuse, lasttimeused, price)
		VALUES 
		(
			'–î–æ–º–∫—Ä–∞—Ç', 
			'–ú–∞—à–∏–Ω—É –ø–æ–¥–Ω–∏–º–∞—Ç—å',
			'2022-10-08',
			'30'
		);	
	INSERT INTO workingequipment(name, assignmentofuse, lasttimeused, price)
		VALUES 
		(
			'–ü–æ–¥—ä–µ–º–Ω–∏–∫', 
			'–ú–∞—à–∏–Ω—É –ø–æ–¥–Ω–∏–º–∞—Ç—å',
			'2022-10-08',
			'15000'
		);	
	INSERT INTO workingequipment(name, assignmentofuse, lasttimeused, price)
		VALUES 
		(
			'–†–∞—Å–ø—ã–ª–∏—Ç–µ–ª—å', 
			'–ß—Ç–æ-—Ç–æ –∫—Ä–∞—Å–∏—Ç—å',
			'2022-10-08',
			'20'
		);	
	INSERT INTO workingequipment(name, assignmentofuse, lasttimeused, price)
		VALUES 
		(
			'–ë–∞–ª–≥–∞—Ä–∫–∞', 
			'–ß—Ç–æ-—Ç–æ –ø–∏–ª–∏—Ç—å',
			'2022-10-08',
			'5000'
		);	
	INSERT INTO workingequipment(name, assignmentofuse, lasttimeused, price)
		VALUES 
		(
			'–°–≤–∞—Ä–æ—á–Ω—ã–π –∞–ø–ø–∞—Ä–∞—Ç', 
			'–ß—Ç–æ-—Ç–æ –≤–∞—Ä–∏—Ç—å',
			'2022-10-08',
			'1500'
		);	
	INSERT INTO workingequipment(name, assignmentofuse, lasttimeused, price)
		VALUES 
		(
			'–ù–∞–±–æ—Ä –∏–Ω—Å—Ç—Ä—É–º–µ–Ω—Ç–æ–≤', 
			'–ß—Ç–æ-—Ç–æ –æ—Ç–∫—Ä—É—á–∏–≤–∞—Ç—å\–∑–∞–∫—Ä—É—á–∏–≤–∞—Ç—å',
			'2022-10-08',
			'20'
		);
		
	INSERT INTO service(description, price, requiredtimeh, name)
		VALUES 
		(
			'–î–∞–Ω–Ω—ã–π –≤–∏–¥ —Å–ª–µ—Å–∞—Ä–Ω–æ–≥–æ —Ä–µ–º–æ–Ω—Ç–∞ —Ä–∞—Å—Å—á–∏—Ç–∞–Ω –Ω–∞ –¥–∏–∞–≥–Ω–æ—Å—Ç–∏–∫—É –∏, –≤ —Å–ª—É—á–∞–µ –≤—ã—è–≤–ª–µ–Ω–∏—è –º–µ–ª–∫–∏—Ö –Ω–µ–ø–æ–ª–∞–¥–æ–∫, –∏—Ö —É—Å—Ç—Ä–∞–Ω–µ–Ω–∏–µ. –ü—Ä–∏ —Ç–∞–∫–æ–º –ø–æ–¥—Ö–æ–¥–µ –≤—ã–ø–æ–ª–Ω—è—é—Ç –∑–∞–º–µ–Ω—É –ø–æ—Ä—à–Ω–µ–≤—ã—Ö –∫–æ–ª–µ—Ü, —ç–ª–µ–º–µ–Ω—Ç–æ–≤ —Å–∏—Å—Ç–µ–º—ã –∞–º–æ—Ä—Ç–∏–∑–∞—Ü–∏–∏, –¥–µ—Ç–∞–ª–µ–π —Ç–æ—Ä–º–æ–∑–Ω–æ–π —Å–∏—Å—Ç–µ–º—ã –∏ –ø—Ä–æ—á–µ–µ.',
			'1000',
			'100',
			'–¢–µ–∫—É—â–∏–π —Å–ª–µ—Å–∞—Ä–Ω—ã–π —Ä–µ–º–æ–Ω—Ç'
		);	
	INSERT INTO service(description, price, requiredtimeh, name)
		VALUES 
		(
			'–ü—Ä–∏ —Ç–∞–∫–æ–º —Ä–µ–º–æ–Ω—Ç–µ –∞–≤—Ç–æ–º–æ–±–∏–ª—å —Ä–∞–∑–±–∏—Ä–∞–µ—Ç—Å—è –∏ –æ–ø—Ä–µ–¥–µ–ª—è–µ—Ç—Å—è —Å—Ç–µ–ø–µ–Ω—å –∏–∑–Ω–æ—Å–∞ –∫–∞–∂–¥–æ–π –¥–µ—Ç–∞–ª–∏. –ö–æ–º–ø–ª–µ–∫—Ç—É—é—â–∏–µ, –∏–º–µ—é—â–∏–µ —Å—Ç–µ–ø–µ–Ω—å –∏–∑–Ω–æ—Å–∞ –≤—ã—à–µ —Ä–µ–∫–æ–º–µ–Ω–¥–æ–≤–∞–Ω–Ω–æ–π –ø—Ä–æ–∏–∑–≤–æ–¥–∏—Ç–µ–ª–µ–º, –ø–æ–¥–ª–µ–∂–∞—Ç –∑–∞–º–µ–Ω–µ.',
			'2000',
			'300',
			'–ö–∞–ø–∏—Ç–∞–ª—å–Ω—ã–π —Å–ª–µ—Å–∞—Ä–Ω—ã–π —Ä–µ–º–æ–Ω—Ç'
		);	
	INSERT INTO service(description, price, requiredtimeh, name)
		VALUES 
		(
			'–ü–æ—è–≤–ª–µ–Ω–∏–µ –Ω–µ–∑–Ω–∞—á–∏—Ç–µ–ª—å–Ω—ã—Ö –≤–º—è—Ç–∏–Ω –∏—Å–ø—Ä–∞–≤–ª—è–µ—Ç—Å—è –¥–∞–∂–µ –±–µ–∑ –ø–æ–∫—Ä–∞—Å–æ—á–Ω—ã—Ö —Ä–∞–±–æ—Ç –ø—Ä–∏ —É—Å–ª–æ–≤–∏–∏, —á—Ç–æ –ª–∞–∫–æ–∫—Ä–∞—Å–æ—á–Ω–æ–µ –ø–æ–∫—Ä—ã—Ç–∏–µ –Ω–µ —Ä–∞–∑—Ä—É—à–µ–Ω–æ. –î–ª—è —ç—Ç–æ–≥–æ –∏—Å–ø–æ–ª—å–∑—É—é—Ç —Ä–µ–∑–∏–Ω–æ–≤—ã–π –º–æ–ª–æ—Ç–æ–∫ –≤ –ª–µ–≥–∫–æ–¥–æ—Å—Ç—É–ø–Ω—ã—Ö –º–µ—Å—Ç–∞—Ö –∏–ª–∏ —Å–ø–µ—Ü–∏–∞–ª—å–Ω—ã–µ –∫—Ä—é—á–∫–∏, —Ä—ã—á–∞–≥–∏ –∏ –∫–ª—é—à–∫–∏ –Ω–∞ —Ç—Ä—É–¥–Ω–æ–¥–æ—Å—Ç—É–ø–Ω—ã—Ö —É—á–∞—Å—Ç–∫–∞—Ö –∫—É–∑–æ–≤–∞.',
			'500',
			'100',
			'–£–¥–∞–ª–µ–Ω–∏–µ –≤–º—è—Ç–∏–Ω –∏ —Ä–∏—Ö—Ç–æ–≤–∫–∞'
		);	
	INSERT INTO service(description, price, requiredtimeh, name)
		VALUES 
		(
			'–ù–∞—Ä—É—à–µ–Ω–∏–µ —Ü–µ–ª–æ—Å—Ç–Ω–æ—Å—Ç–∏ –∫—É–∑–æ–≤–∞ –∏—Å–ø—Ä–∞–≤–ª—è–µ—Ç—Å—è –ø–æ—Å—Ä–µ–¥—Å—Ç–≤–æ–º —Å–≤–∞—Ä–æ—á–Ω—ã—Ö —Ä–∞–±–æ—Ç. –î–ª—è —ç—Ç–æ–≥–æ –∏—Å–ø–æ–ª—å–∑—É—é—Ç—Å—è –¥–≤–∞ —Ç–∏–ø–∞ –æ–±–æ—Ä—É–¥–æ–≤–∞–Ω–∏—è: —ç–ª–µ–∫—Ç—Ä–æ–¥–Ω—ã–π —Å–≤–∞—Ä–æ—á–Ω—ã–π –∞–ø–ø–∞—Ä–∞—Ç –∏ –ø–ª–∞–∑–º–µ–Ω–Ω–∞—è —Ä–µ–∑–∫–∞. –ü—Ä–∏ –∏—Å–ø–æ–ª—å–∑–æ–≤–∞–Ω–∏–∏ —ç—Ç–∏—Ö –ø—Ä–∏–±–æ—Ä–æ–≤, –≤–¥–æ–ª—å —Å–≤–∞—Ä–æ—á–Ω–æ–≥–æ —à–≤–∞ –∂–µ–ª–µ–∑–æ –Ω–µ –¥–µ—Ñ–æ—Ä–º–∏—Ä—É–µ—Ç—Å—è.',
			'600',
			'200',
			'–°–≤–∞—Ä–æ—á–Ω—ã–µ —Ä–∞–±–æ—Ç—ã'
		);	
	INSERT INTO service(description, price, requiredtimeh, name)
		VALUES 
		(
			'–ü–æ–¥ –ø–æ–∫—Ä–∞—Å–∫–æ–π –ø–æ–¥—Ä–∞–∑—É–º–µ–≤–∞–µ—Ç—Å—è –Ω–µ—Å–∫–æ–ª—å–∫–æ —ç—Ç–∞–ø–æ–≤: —Ä–∞–±–æ—Ç–∞ —Å –∫—É–∑–æ–≤–æ–º –Ω–∞ —Å–ø–µ—Ü–∏–∞–ª—å–Ω–æ–º –ø–æ—Å—Ç–µ –ø–æ–¥–≥–æ—Ç–æ–≤–∫–∏; –æ–±—Ä–∞–±–æ—Ç–∫–∞ –ª–∞–∫–æ–∫—Ä–∞—Å–æ—á–Ω—ã–º –º–∞—Ç–µ—Ä–∏–∞–ª–æ–º –≤ –ø–æ–∫—Ä–∞—Å–æ—á–Ω–æ–π –∫–∞–º–µ—Ä–µ; —Å—É—à–∫–∞ –≤ —Å—É—à–∏–ª—å–Ω–æ–π –∫–∞–º–µ—Ä–µ. –í –ø–æ–∫—Ä–∞—Å–æ—á–Ω–æ–π –∫–∞–º–µ—Ä–µ —Å–æ–∑–¥–∞—é—Ç—Å—è —Ç–∞–∫–∏–µ —É—Å–ª–æ–≤–∏—è, –≥–¥–µ –¥–∞–∂–µ –≤ –≤–æ–∑–¥—É—Ö–µ –æ—Ç—Å—É—Ç—Å—Ç–≤—É—é—Ç –∑–∞–≥—Ä—è–∑–Ω–µ–Ω–∏—è.',
			'300',
			'100',
			'–ü–æ–∫—Ä–∞—Å–∫–∞'
		);	
	INSERT INTO service(description, price, requiredtimeh, name)
		VALUES 
		(
			'–†–µ—á—å –∏–¥–µ—Ç –Ω–µ —Ç–æ–ª—å–∫–æ –æ–± –∞–≤—Ç–æ—Å–∏–≥–Ω–∞–ª–∏–∑–∞—Ü–∏–∏, –Ω–æ –∏ –æ –º–µ—Ö–∞–Ω–∏—á–µ—Å–∫–æ–π –∑–∞—â–∏—Ç–µ. –î–∞–Ω–Ω–∞—è —É—Å–ª—É–≥–∞ –º–æ–∂–µ—Ç –±—ã—Ç—å –∫–∞–∫ –±—é–¥–∂–µ—Ç–Ω–æ–π, —á—Ç–æ —Ö–∞—Ä–∞–∫—Ç–µ—Ä–∏–∑—É–µ—Ç—Å—è –ø—Ä–æ—Å—Ç–æ–π —É—Å—Ç–∞–Ω–æ–≤–∫–æ–π –∏–º–º–æ–±–∏–ª–∞–π–∑–µ—Ä–∞, —Ç–∞–∫ –∏ –¥–æ—Ä–æ–≥–æ–π, –∫–æ–≥–¥–∞ —Å–æ–∑–¥–∞–µ—Ç—Å—è –∫–æ–º–ø–ª–µ–∫—Å–Ω–∞—è –∑–∞—â–∏—Ç–∞ –∞–≤—Ç–æ–º–æ–±–∏–ª—è.',
			'700',
			'100',
			'–£—Å—Ç–∞–Ω–æ–≤–∫–∞ –æ—Ö—Ä–∞–Ω–Ω—ã—Ö —Å–∏—Å—Ç–µ–º'
		);	
	INSERT INTO service(description, price, requiredtimeh, name)
		VALUES 
		(
			'–ó–∞–≤–æ–¥—Å–∫–∏–µ —Å–µ—Ç–∫–∏ —Ä–∞–¥–∏–∞—Ç–æ—Ä–∞ –∏–∑–≥–æ—Ç–∞–≤–ª–∏–≤–∞—é—Ç—Å—è –∏–∑ –ø–ª–∞—Å—Ç–∏–∫–∞ —Å –º–∏–Ω–∏–º–∞–ª—å–Ω—ã–º —Ä–∞—Å—Å—Ç–æ—è–Ω–∏–µ–º –º–µ–∂–¥—É —Ä–µ–±—Ä–∞–º–∏ –≤ 2 —Å–∞–Ω—Ç–∏–º–µ—Ç—Ä–∞. –ß—Ç–æ–±—ã –∏—Å–∫–ª—é—á–∏—Ç—å –ø–æ–ø–∞–¥–∞–Ω–∏–µ –≤ —Ä–∞–¥–∏–∞—Ç–æ—Ä –ø–æ—Å—Ç–æ—Ä–æ–Ω–Ω–µ–≥–æ –º—É—Å–æ—Ä–∞, –∏–º–µ—é—â–µ–≥–æ –º–µ–Ω—å—à–∏–π —Ä–∞–∑–º–µ—Ä, —Ä–µ–∫–æ–º–µ–Ω–¥—É–µ—Ç—Å—è —É—Å—Ç–∞–Ω–æ–≤–∫–∞ –∑–∞—â–∏—Ç–Ω–æ–π —Å–µ—Ç–∫–∏.',
			'50',
			'24',
			'–°–µ—Ç–∫–∞ –¥–ª—è –∑–∞—â–∏—Ç—ã —Ä–∞–¥–∏–∞—Ç–æ—Ä–∞'
		);	
	INSERT INTO service(description, price, requiredtimeh, name)
		VALUES 
		(
			'–ü–æ—Å–ª–µ –ø—Ä–æ–≤–µ–¥–µ–Ω–∏—è –º–µ—Ä–æ–ø—Ä–∏—è—Ç–∏–π –ø–æ —à—É–º–æ–∏–∑–æ–ª—è—Ü–∏–∏, –∑–∞–º–µ—Ç–Ω–æ —Å–Ω–∏–∂–∞–µ—Ç—Å—è —É—Ä–æ–≤–µ–Ω—å —à—É–º–∞, –ø–æ—Å—Ç—É–ø–∞—é—â–µ–≥–æ –≤ —Å–∞–ª–æ–Ω –∞–≤—Ç–æ–º–æ–±–∏–ª—è —Å —É–ª–∏—Ü—ã. –ö—Ä–æ–º–µ —Ç–æ–≥–æ, —Ç–∞–∫–∏–µ —è–≤–ª–µ–Ω–∏—è, –∫–∞–∫ –¥—Ä–µ–±–µ–∑–∂–∞–Ω–∏–µ –æ—Ç–¥–µ–ª—å–Ω—ã—Ö —ç–ª–µ–º–µ–Ω—Ç–æ–≤ –∫—É–∑–æ–≤–∞, –ø–æ—Å—Ç–æ—Ä–æ–Ω–Ω–∏–µ —Å–∫—Ä–∏–ø—ã –∏ —Å—Ç—É–∫–∏ –ø–æ–ª–Ω–æ—Å—Ç—å—é —É—Å—Ç—Ä–∞–Ω—è—é—Ç—Å—è.',
			'500',
			'100',
			'–®—É–º–æ–∏–∑–æ–ª—è—Ü–∏—è –∞–≤—Ç–æ'
		);	
	INSERT INTO service(description, price, requiredtimeh, name)
		VALUES 
		(
			'–î–∞–Ω–Ω–æ–µ –ø—Ä–µ–¥–ª–æ–∂–µ–Ω–∏–µ –∞–≤—Ç–æ—Å–µ—Ä–≤–∏—Å–æ–≤ –ø–æ–¥—Ä–∞–∑—É–º–µ–≤–∞–µ—Ç –Ω–∞–Ω–µ—Å–µ–Ω–∏–µ –Ω–∞ –ª–æ–±–æ–≤–æ–µ —Å—Ç–µ–∫–ª–æ —Ç–æ–Ω—á–∞–π—à–µ–≥–æ –ø–æ–∫—Ä—ã—Ç–∏—è —Å –≤—ã—Å–æ–∫–∏–º–∏ –≤–æ–¥–æ–æ—Ç—Ç–∞–ª–∫–∏–≤–∞—é—â–∏–º–∏ —Å–≤–æ–π—Å—Ç–≤–∞–º–∏. –ë–ª–∞–≥–æ–¥–∞—Ä—è —Ç–∞–∫–æ–º—É –ø–æ–∫—Ä—ã—Ç–∏—é, –Ω–∞ —Å–∫–æ—Ä–æ—Å—Ç–∏ —Å–≤—ã—à–µ 60 –∫–º/—á –¥–æ–∂–¥–µ–≤–∞—è –≤–æ–¥–∞ –±—É–¥–µ—Ç —ç—Ñ—Ñ–µ–∫—Ç–∏–≤–Ω–µ–µ —Å—Ç–µ–∫–∞—Ç—å –ø–æ —Å—Ç–µ–∫–ª—É, –ø—Ä–∞–∫—Ç–∏—á–µ—Å–∫–∏ –±–µ–∑ –ø–æ–º–æ—â–∏ –¥–≤–æ—Ä–Ω–∏–∫–æ–≤. ',
			'100',
			'48',
			'–ê–Ω—Ç–∏–¥–æ–∂–¥—å'
		);	
	INSERT INTO service(description, price, requiredtimeh, name)
		VALUES 
		(
			'–ë–ª–∞–≥–æ–¥–∞—Ä—è —Ç–æ–Ω–∏—Ä–æ–≤–æ—á–Ω–æ–π –ø–ª–µ–Ω–∫–µ –º–æ–∂–Ω–æ –Ω–µ —Ç–æ–ª—å–∫–æ —É–ª—É—á—à–∏—Ç—å –≤–Ω–µ—à–Ω–∏–π –≤–∏–¥ —ç–∫—Å—Ç–µ—Ä—å–µ—Ä–∞ –∞–≤—Ç–æ–º–æ–±–∏–ª—è, –Ω–æ –∏ —Å–¥–µ–ª–∞—Ç—å –ø—Ä–µ–±—ã–≤–∞–Ω–∏–µ –≤ —Å–∞–ª–æ–Ω–µ –±–æ–ª–µ–µ –∫–æ–º—Ñ–æ—Ä—Ç–Ω—ã–º. –≠—Ç–æ –æ–±—É—Å–ª–æ–≤–ª–µ–Ω–æ –ø–æ–≥–ª–æ—â–µ–Ω–∏–µ–º —á–∞—Å—Ç–∏ —Å–æ–ª–Ω–µ—á–Ω—ã—Ö –ª—É—á–µ–π –ø–ª–µ–Ω–∫–æ–π. –ß–µ–º –æ–Ω–∞ —Ç–µ–º–Ω–µ–µ, —Ç–µ–º –±–æ–ª—å—à–µ —Å–≤–µ—Ç–æ–≤—ã—Ö –ª—É—á–µ–π –ø–æ–≥–ª–æ—â–∞–µ—Ç—Å—è.',
			'200',
			'100',
			'–¢–æ–Ω–∏—Ä–æ–≤–∫–∞ —Å—Ç–µ–∫–æ–ª'
		);	
	INSERT INTO service(description, price, requiredtimeh, name)
		VALUES 
		(
			'–£—Å—Ç–∞–Ω–æ–≤–∫–∞ –¥–∞–Ω–Ω–æ–≥–æ –ø—Ä–∏—Å–ø–æ—Å–æ–±–ª–µ–Ω–∏—è –ø–æ–∑–≤–æ–ª—è–µ—Ç –ø—Ä–µ–¥–æ—Ç–≤—Ä–∞—Ç–∏—Ç—å –∑–∞–ø–æ—Ç–µ–≤–∞–Ω–∏–µ –ª–æ–±–æ–≤–æ–≥–æ —Å—Ç–µ–∫–ª–∞ –≤ —Å–∞–ª–æ–Ω–µ, –∞ –ø–æ—Ç–æ–º—É –≤–∏–¥–∏–º–æ—Å—Ç—å –Ω–µ —É—Ö—É–¥—à–∞–µ—Ç—Å—è –ø—Ä–∏ —Ä–∞–∑–Ω–æ—Å—Ç–∏ —Ç–µ–º–ø–µ—Ä–∞—Ç—É—Ä –≤–Ω–µ—à–Ω–µ–π –∏ –≤–Ω—É—Ç—Ä–µ–Ω–Ω–µ–π —Å—Ç–æ—Ä–æ–Ω—ã —Å—Ç–µ–∫–ª–∞. –≠–∫—Å–ø–ª—É–∞—Ç–∞—Ü–∏–æ–Ω–Ω—ã–π —Å—Ä–æ–∫ –∞–Ω—Ç–∏–∑–∞–ø–æ—Ç–µ–≤–∞—Ç–µ–ª—è —Å–æ—Å—Ç–∞–≤–ª—è–µ—Ç –ø—Ä–∏–º–µ—Ä–Ω–æ 4 –º–µ—Å—è—Ü–∞.',
			'50',
			'48',
			'–ê–Ω—Ç–∏–∑–∞–ø–æ—Ç–µ–≤–∞—Ç–µ–ª—å'
		);
		
	INSERT INTO model(name, brand_idbrand, bodystyle_idbodystyle)
		VALUES 
		(
			'M8 Coupe',
			10,
			5
		);	
	INSERT INTO model(name, brand_idbrand, bodystyle_idbodystyle)
		VALUES 
		(
			'E34',
			10,
			1
		);	
	INSERT INTO model(name, brand_idbrand, bodystyle_idbodystyle)
		VALUES 
		(
			'Vesta',
			28,
			1
		);	
	INSERT INTO model(name, brand_idbrand, bodystyle_idbodystyle)
		VALUES 
		(
			'Granta',
			28,
			1
		);	
	INSERT INTO model(name, brand_idbrand, bodystyle_idbodystyle)
		VALUES 
		(
			'Rio',
			26,
			1
		);
		
	INSERT INTO cashaccount(cardnumber, person_idperson)
		VALUES 
		(
			'17409488245517115276',
			1
		);	
	INSERT INTO cashaccount(cardnumber, person_idperson)
		VALUES 
		(
			'31233411387427793198',
			3
		);	
	INSERT INTO cashaccount(cardnumber, person_idperson)
		VALUES 
		(
			'14232216857618927954',
			2
		);	
	INSERT INTO cashaccount(cardnumber, person_idperson)
		VALUES 
		(
			'65028602486509006138',
			4
		);	
	INSERT INTO cashaccount(cardnumber, person_idperson)
		VALUES 
		(
			'93446066184963788291',
			5
		);	
	INSERT INTO cashaccount(cardnumber, person_idperson)
		VALUES 
		(
			'35984076361542097372',
			6
		);	
	INSERT INTO cashaccount(cardnumber, person_idperson)
		VALUES 
		(
			'60165754120014607177',
			7
		);	
	INSERT INTO cashaccount(cardnumber, person_idperson)
		VALUES 
		(
			'77335998182660380125',
			8
		);	
	INSERT INTO cashaccount(cardnumber, person_idperson)
		VALUES 
		(
			'09478351201640618984',
			9
		);	
	INSERT INTO cashaccount(cardnumber, person_idperson)
		VALUES 
		(
			'14398808778383710734',
			10
		);
		
	INSERT INTO cashtransfer(cash, cashaccount_idcashaccount, type)
		VALUES 
		(
			'1000',
			6, 
			'Client'
		);	
	INSERT INTO cashtransfer(cash, cashaccount_idcashaccount, type)
		VALUES 
		(
			'1500',
			7, 
			'Client'
		);	
	INSERT INTO cashtransfer(cash, cashaccount_idcashaccount, type)
		VALUES 
		(
			'50',
			8, 
			'Client'
		);	
	INSERT INTO cashtransfer(cash, cashaccount_idcashaccount, type)
		VALUES 
		(
			'100',
			9, 
			'Client'
		);	
	INSERT INTO cashtransfer(cash, cashaccount_idcashaccount, type)
		VALUES 
		(
			'2900',
			10, 
			'Client'
		);
		
	INSERT INTO client(person_idperson, lastvisit)
		VALUES 
		(
			6,
			'2022-06-23'
		);	
	INSERT INTO client(person_idperson, lastvisit)
		VALUES 
		(
			7,
			'2022-01-10'
		);	
	INSERT INTO client(person_idperson, lastvisit)
		VALUES 
		(
			8,
			'2022-09-01'
		);	
	INSERT INTO client(person_idperson, lastvisit)
		VALUES 
		(
			9,
			'2022-10-19'
		);	
	INSERT INTO client(person_idperson, lastvisit)
		VALUES 
		(
			10,
			'2022-11-21'
		);
		
	INSERT INTO worker(salary, hiredate, unpaidhours, paidhours, qualification, personalqualities, person_idperson)
		VALUES 
		(
			'15', 
			'2016-06-23', 
			'0', 
			'19545', 
			'–ê–≤—Ç–æ—Å–ª–µ—Å–∞—Ä—å', 
			'–ù–æ—Ä–º —á–µ–ª', 
			'1'
		);	
	INSERT INTO worker(salary, hiredate, unpaidhours, paidhours, qualification, personalqualities, person_idperson)
		VALUES 
		(
			'14', 
			'2017-06-23', 
			'0', 
			'16545', 
			'–ê–≤—Ç–æ—Å–ª–µ—Å–∞—Ä—å', 
			'–ù–æ—Ä–º —á–µ–ª, –∏–≥—Ä–∞–µ—Ç –≤ –¥–æ—Ç—É', 
			'2'
		);	
	INSERT INTO worker(salary, hiredate, unpaidhours, paidhours, qualification, personalqualities, person_idperson)
		VALUES 
		(
			'20', 
			'2018-06-23', 
			'0', 
			'13545', 
			'–ê–≤—Ç–æ—Å–ª–µ—Å–∞—Ä—å', 
			'–•–∞—Ä–∞–∫—Ç–µ—Ä –Ω–µ –æ—á. –Ω–æ —Å–≤–æ–µ –¥–µ–ª–æ –∑–Ω–∞–µ—Ç.', 
			'3'
		);	
	INSERT INTO worker(salary, hiredate, unpaidhours, paidhours, qualification, personalqualities, person_idperson)
		VALUES 
		(
			'10', 
			'2020-06-23', 
			'10', 
			'4545', 
			'–ê–≤—Ç–æ—Å–ª–µ—Å–∞—Ä—å', 
			'–î—É—à–∞ –∫–æ–ª–ª–µ–∫—Ç–∏–≤–∞', 
			'4'
		);	
	INSERT INTO worker(salary, hiredate, unpaidhours, paidhours, qualification, personalqualities, person_idperson)
		VALUES 
		(
			'9', 
			'2021-06-23', 
			'10', 
			'1545', 
			'–ê–≤—Ç–æ—Å–ª–µ—Å–∞—Ä—å', 
			'–¢–∏—Ö–∏–π, —Å–ø–æ–∫–æ–π–Ω—ã–π', 
			'5'
		);
		
	INSERT INTO car(
		defects, client_person_idperson, model_idmodel)
		VALUES 
		( 
			'',
			'6', 
			'1'
		);	
	INSERT INTO car(
		defects, client_person_idperson, model_idmodel)
		VALUES 
		( 
			'',
			'7', 
			'2'
		);	
	INSERT INTO car(
		defects, client_person_idperson, model_idmodel)
		VALUES 
		( 
			'',
			'8', 
			'3'
		);	
	INSERT INTO car(
		defects, client_person_idperson, model_idmodel)
		VALUES 
		( 
			'',
			'9', 
			'4'
		);	
	INSERT INTO car(
		defects, client_person_idperson, model_idmodel)
		VALUES 
		( 
			'',
			'10', 
			'5'
		);
		
	INSERT INTO document(
		text, workedhours, cashtransfer_idcashtransfer, workacceptdate, workdonedate, car_idcar, price)
		VALUES 
		(
			'', 
			'100', 
			'1', 
			'2022-01-01', 
			'2022-06-23', 
			'1', 
			'1000'
		);	
	INSERT INTO document(
		text, workedhours, cashtransfer_idcashtransfer, workacceptdate, workdonedate, car_idcar, price)
		VALUES 
		(
			'', 
			'200', 
			'2', 
			'2022-01-01', 
			'2022-01-10', 
			'2', 
			'1500'
		);	
	INSERT INTO document(
		text, workedhours, cashtransfer_idcashtransfer, workacceptdate, workdonedate, car_idcar, price)
		VALUES 
		(
			'', 
			'24', 
			'3', 
			'2022-01-01', 
			'2022-09-01', 
			'3', 
			'50'
		);	
	INSERT INTO document(
		text, workedhours, cashtransfer_idcashtransfer, workacceptdate, workdonedate, car_idcar, price)
		VALUES 
		(
			'', 
			'72', 
			'4', 
			'2022-01-01', 
			'2022-10-19', 
			'4', 
			'100'
		);	
	INSERT INTO document(
		text, workedhours, cashtransfer_idcashtransfer, workacceptdate, workdonedate, car_idcar, price)
		VALUES 
		(
			'', 
			'600', 
			'5', 
			'2022-01-01', 
			'2022-11-21', 
			'5', 
			'2900'
		);
		
		
	INSERT INTO component(name, price, dateofmanufacture)
		VALUES 
		(
			'–î–≤–∏–≥–∞—Ç–µ–ª—å', 
			'500', 
			'2015-01-01'
		);	
	INSERT INTO component(name, price, dateofmanufacture)
		VALUES 
		(
			'–õ–æ–±–æ–≤–æ–µ —Å—Ç–µ–∫–ª–æ', 
			'200', 
			'2015-01-01'
		);	
	INSERT INTO component(name, price, dateofmanufacture)
		VALUES 
		(
			'–ê–∫–∫—É–º—É–ª—è—Ç–æ—Ä', 
			'150', 
			'2015-01-01'
		);	
	INSERT INTO component(name, price, dateofmanufacture)
		VALUES 
		(
			'–ö—Ä—ã—à–∫–∞ –ø–æ—Ä—à–Ω—è', 
			'20', 
			'2015-01-01'
		);	
	INSERT INTO component(name, price, dateofmanufacture)
		VALUES 
		(
			'–ö—Ä–∞—Å–∫–∞', 
			'100', 
			'2015-01-01'
		);
		
	INSERT INTO car_component(component_idcomponent, car_idcar)
		VALUES 
		(
			1,
			1
		);	
	INSERT INTO car_component(component_idcomponent, car_idcar)
		VALUES 
		(
			2,
			2
		);	
	INSERT INTO car_component(component_idcomponent, car_idcar)
		VALUES 
		(
			3,
			3
		);	
	INSERT INTO car_component(component_idcomponent, car_idcar)
		VALUES 
		(
			4,
			4
		);	
	INSERT INTO car_component(component_idcomponent, car_idcar)
		VALUES 
		(
			5,
			5
		);
		
	INSERT INTO document_service(
		document_iddocument, service_idservice)
		VALUES 
		(
			1, 
			1
		);	
	INSERT INTO document_service(
		document_iddocument, service_idservice)
		VALUES 
		(
			2, 
			1
		);	
	INSERT INTO document_service(
		document_iddocument, service_idservice)
		VALUES 
		(
			2, 
			3
		);	
	INSERT INTO document_service(
		document_iddocument, service_idservice)
		VALUES 
		(
			3, 
			7
		);	
	INSERT INTO document_service(
		document_iddocument, service_idservice)
		VALUES 
		(
			4, 
			7
		);	
	INSERT INTO document_service(
		document_iddocument, service_idservice)
		VALUES 
		(
			4, 
			11
		);	
	INSERT INTO document_service(
		document_iddocument, service_idservice)
		VALUES 
		(
			5, 
			2
		);	
	INSERT INTO document_service(
		document_iddocument, service_idservice)
		VALUES 
		(
			5, 
			5
		);	
	INSERT INTO document_service(
		document_iddocument, service_idservice)
		VALUES 
		(
			5, 
			4
		);
		
	INSERT INTO worker_document(worker_person_idperson, document_iddocument)
		VALUES 
		(
			1, 
			1
		);	
	INSERT INTO worker_document(worker_person_idperson, document_iddocument)
		VALUES 
		(
			1, 
			2
		);	
	INSERT INTO worker_document(worker_person_idperson, document_iddocument)
		VALUES 
		(
			2, 
			3
		);	
	INSERT INTO worker_document(worker_person_idperson, document_iddocument)
		VALUES 
		(
			2, 
			4
		);	
	INSERT INTO worker_document(worker_person_idperson, document_iddocument)
		VALUES 
		(
			3, 
			4
		);	
	INSERT INTO worker_document(worker_person_idperson, document_iddocument)
		VALUES 
		(
			3, 
			1
		);	
	INSERT INTO worker_document(worker_person_idperson, document_iddocument)
		VALUES 
		(
			4, 
			1
		);	
	INSERT INTO worker_document(worker_person_idperson, document_iddocument)
		VALUES 
		(
			4, 
			2
		);	
	INSERT INTO worker_document(worker_person_idperson, document_iddocument)
		VALUES 
		(
			4, 
			4
		);	
	INSERT INTO worker_document(worker_person_idperson, document_iddocument)
		VALUES 
		(
			4, 
			5
		);	
	INSERT INTO worker_document(worker_person_idperson, document_iddocument)
		VALUES 
		(
			5, 
			5
		);	
	INSERT INTO worker_document(worker_person_idperson, document_iddocument)
		VALUES 
		(
			5, 
			4
		);	
	INSERT INTO worker_document(worker_person_idperson, document_iddocument)
		VALUES 
		(
			5, 
			3
		);	
	INSERT INTO worker_document(worker_person_idperson, document_iddocument)
		VALUES 
		(
			5, 
			2
		);	
	INSERT INTO worker_document(worker_person_idperson, document_iddocument)
		VALUES 
		(
			5, 
			1
		);	
	INSERT INTO worker_document(worker_person_idperson, document_iddocument)
		VALUES 
		(
			1, 
			5
		);	
	INSERT INTO worker_document(worker_person_idperson, document_iddocument)
		VALUES 
		(
			2, 
			5
		);
		
	INSERT INTO service_workingequipment(service_idservice, workingequipment_idworkingequipment)
		VALUES (1, 2);	
	INSERT INTO service_workingequipment(service_idservice, workingequipment_idworkingequipment)
		VALUES (1, 4);	
	INSERT INTO service_workingequipment(service_idservice, workingequipment_idworkingequipment)
		VALUES (2, 2);	
	INSERT INTO service_workingequipment(service_idservice, workingequipment_idworkingequipment)
		VALUES (1, 1);	
	INSERT INTO service_workingequipment(service_idservice, workingequipment_idworkingequipment)
		VALUES (2, 4);	
	INSERT INTO service_workingequipment(service_idservice, workingequipment_idworkingequipment)
		VALUES (3, 1);	
	INSERT INTO service_workingequipment(service_idservice, workingequipment_idworkingequipment)
		VALUES (3, 4);	
	INSERT INTO service_workingequipment(service_idservice, workingequipment_idworkingequipment)
		VALUES (4, 2);	
	INSERT INTO service_workingequipment(service_idservice, workingequipment_idworkingequipment)
		VALUES (4, 5);	
	INSERT INTO service_workingequipment(service_idservice, workingequipment_idworkingequipment)
		VALUES (4, 6);	
	INSERT INTO service_workingequipment(service_idservice, workingequipment_idworkingequipment)
		VALUES (4, 3);	
	INSERT INTO service_workingequipment(service_idservice, workingequipment_idworkingequipment)
		VALUES (5, 3);	
	INSERT INTO service_workingequipment(service_idservice, workingequipment_idworkingequipment)
		VALUES (6, 2);	
	INSERT INTO service_workingequipment(service_idservice, workingequipment_idworkingequipment)
		VALUES (6, 4);	
	INSERT INTO service_workingequipment(service_idservice, workingequipment_idworkingequipment)
		VALUES (7, 4);	
	INSERT INTO service_workingequipment(service_idservice, workingequipment_idworkingequipment)
		VALUES (8, 4);	
	INSERT INTO service_workingequipment(service_idservice, workingequipment_idworkingequipment)
		VALUES (8, 2);	
	INSERT INTO service_workingequipment(service_idservice, workingequipment_idworkingequipment)
		VALUES (9, 4);	
	INSERT INTO service_workingequipment(service_idservice, workingequipment_idworkingequipment)
		VALUES (11, 4);	
	INSERT INTO service_workingequipment(service_idservice, workingequipment_idworkingequipment)
		VALUES (12, 4);
2022-11-29 17:46:51.014 +03 [9520] –û–®–ò–ë–ö–ê:  INSERT –∏–ª–∏ UPDATE –≤ —Ç–∞–±–ª–∏—Ü–µ "users" –Ω–∞—Ä—É—à–∞–µ—Ç –æ–≥—Ä–∞–Ω–∏—á–µ–Ω–∏–µ –≤–Ω–µ—à–Ω–µ–≥–æ –∫–ª—é—á–∞ "users_role_idrole_fkey"
2022-11-29 17:46:51.014 +03 [9520] –ü–û–î–†–û–ë–ù–û–°–¢–ò:  –ö–ª—é—á (role_idrole)=(1) –æ—Ç—Å—É—Ç—Å—Ç–≤—É–µ—Ç –≤ —Ç–∞–±–ª–∏—Ü–µ "role".
2022-11-29 17:46:51.014 +03 [9520] –û–ü–ï–†–ê–¢–û–†:  INSERT INTO bodystyle(stylename) VALUES ('–°–µ–¥–∞–Ω');
	INSERT INTO bodystyle(stylename) VALUES ('–£–Ω–∏–≤–µ—Ä—Å–∞–ª');
	INSERT INTO bodystyle(stylename) VALUES ('–•—ç—Ç—á–±–µ–∫');
	INSERT INTO bodystyle(stylename) VALUES ('–õ–∏—Ñ—Ç–±–µ–∫');
	INSERT INTO bodystyle(stylename) VALUES ('–ö—É–ø–µ');
	INSERT INTO bodystyle(stylename) VALUES ('–õ–∏–º—É–∑–∏–Ω');
	INSERT INTO bodystyle(stylename) VALUES ('–ö–∞–±—Ä–∏–æ–ª–µ—Ç');
	INSERT INTO bodystyle(stylename) VALUES ('–í–Ω–µ–¥–æ—Ä–æ–∂–Ω–∏–∫');
	INSERT INTO bodystyle(stylename) VALUES ('–ú–∏–∫—Ä–æ–∞–≤—Ç–æ–±—É—Å');
	INSERT INTO bodystyle(stylename) VALUES ('–ú–∏–Ω–∏–≤—ç–Ω');
	INSERT INTO bodystyle(stylename) VALUES ('–†–æ–¥—Å—Ç–µ—Ä');
	INSERT INTO bodystyle(stylename) VALUES ('–ü–∏–∫–∞–ø');
	INSERT INTO bodystyle(stylename) VALUES ('–§—É—Ä–≥–æ–Ω');
		
	INSERT INTO brand(name) VALUES ('Acura');
	INSERT INTO brand(name) VALUES ('Alfa Romeo');
	INSERT INTO brand(name) VALUES ('Alpine');
	INSERT INTO brand(name) VALUES ('Land Rover');
	INSERT INTO brand(name) VALUES ('Lexus');
	INSERT INTO brand(name) VALUES ('Lifan');
	INSERT INTO brand(name) VALUES ('Aston Martin');
	INSERT INTO brand(name) VALUES ('Audi');
	INSERT INTO brand(name) VALUES ('Bentley');
	INSERT INTO brand(name) VALUES ('BMW');
	INSERT INTO brand(name) VALUES ('Bugatti');
	INSERT INTO brand(name) VALUES ('Cadillac');
	INSERT INTO brand(name) VALUES ('Chevrolet');
	INSERT INTO brand(name) VALUES ('Chrysler');
	INSERT INTO brand(name) VALUES ('Citroen');
	INSERT INTO brand(name) VALUES ('Dodge');
	INSERT INTO brand(name) VALUES ('Ferrari');
	INSERT INTO brand(name) VALUES ('Fiat');
	INSERT INTO brand(name) VALUES ('Ford');
	INSERT INTO brand(name) VALUES ('Geely');
	INSERT INTO brand(name) VALUES ('Honda');
	INSERT INTO brand(name) VALUES ('Hyundai');
	INSERT INTO brand(name) VALUES ('Infiniti');
	INSERT INTO brand(name) VALUES ('Jaguar');
	INSERT INTO brand(name) VALUES ('Jeep');
	INSERT INTO brand(name) VALUES ('KIA');
	INSERT INTO brand(name) VALUES ('Koenigsegg');
	INSERT INTO brand(name) VALUES ('Lada');
	INSERT INTO brand(name) VALUES ('Lamborghini');
	INSERT INTO brand(name) VALUES ('–£–ê–ó');
	INSERT INTO brand(name) VALUES ('–í–ê–ó');
	INSERT INTO brand(name) VALUES ('Volvo');
	INSERT INTO brand(name) VALUES ('Volkswagen');
	INSERT INTO brand(name) VALUES ('Toyota');
	INSERT INTO brand(name) VALUES ('Tesla');
	INSERT INTO brand(name) VALUES ('Suzuki');
	INSERT INTO brand(name) VALUES ('Subaru');
	INSERT INTO brand(name) VALUES ('smart');
	INSERT INTO brand(name) VALUES ('Skoda');
	INSERT INTO brand(name) VALUES ('SEAT');
	INSERT INTO brand(name) VALUES ('Rolls-Royce');
	INSERT INTO brand(name) VALUES ('Renault');
	INSERT INTO brand(name) VALUES ('Range Rover');
	INSERT INTO brand(name) VALUES ('Porsche');
	INSERT INTO brand(name) VALUES ('Opel');
	INSERT INTO brand(name) VALUES ('Nissan');
	INSERT INTO brand(name) VALUES ('Mitsubishi');
	INSERT INTO brand(name) VALUES ('Mercedes-Benz');
	INSERT INTO brand(name) VALUES ('MCLaren');
	INSERT INTO brand(name) VALUES ('Mazda');
	INSERT INTO brand(name) VALUES ('Maybach');
	INSERT INTO brand(name) VALUES ('Maserati');
	INSERT INTO brand(name) VALUES ('Lotus');
		
	INSERT INTO person(fio, phonenumber, mailadres)
		VALUES 
		(
			'–õ–µ–æ–Ω–æ–≤ –ê–ª–µ–∫—Å–∞–Ω–¥—Ä –ú–∏—Ö–∞–π–ª–æ–≤–∏—á', 
			'+375298608283',
			'PunchBubbaFalling@gmail.com'
		);
	INSERT INTO person(fio, phonenumber, mailadres)
		VALUES 
		(
			'–§—Ä–æ–ª–æ–≤ –ü—ë—Ç—Ä –Ø—Ä–æ—Å–ª–∞–≤–æ–≤–∏—á', 
			'+375296142155',
			'CrackedGlow@gmail.com'
		);
	INSERT INTO person(fio, phonenumber, mailadres)
		VALUES 
		(
			'–ö—É–ª–µ—à–æ–≤ –†–æ–º–∞–Ω –ï–≥–æ—Ä–æ–≤–∏—á', 
			'+375295469723',
			'GermCliffTwig@gmail.com'
		);
	INSERT INTO person(fio, phonenumber, mailadres)
		VALUES 
		(
			'–ö—É–∑–Ω–µ—Ü–æ–≤–∞ –ó–ª–∞—Ç–∞ –ú–∞–∫–∞—Ä–æ–≤–Ω–∞', 
			'+375292562129',
			'SadColt@gmail.com'
		);
	INSERT INTO person(fio, phonenumber, mailadres)
		VALUES 
		(
			'–ù–∏–∫–æ–ª–∞–µ–≤ –í—Å–µ–≤–æ–ª–æ–¥ –ö–∏—Ä–∏–ª–ª–æ–≤–∏—á', 
			'+375298329036',
			'YarnReady@gmail.com'
		);
	INSERT INTO person(fio, phonenumber, mailadres)
		VALUES 
		(
			'–ü–µ—Ç—Ä–æ–≤–∞ –î–∞—Ä–∏—è –ë–æ—Ä–∏—Å–æ–≤–Ω–∞', 
			'+375295359150',
			'MagnumCrowdEcho@gmail.com'
		);
	INSERT INTO person(fio, phonenumber, mailadres)
		VALUES 
		(
			'–ö–æ–Ω–æ–≤–∞–ª–æ–≤–∞ –ê—Ä–∏–Ω–∞ –ú–∏—Ä–æ–Ω–æ–≤–Ω–∞', 
			'+375293243738',
			'CultistSelection@gmail.com'
		);
	INSERT INTO person(fio, phonenumber, mailadres)
		VALUES 
		(
			'–ü–µ—Ç—Ä–æ–≤ –ö–∏—Ä–∏–ª–ª –ú–∞—Ç–≤–µ–µ–≤–∏—á', 
			'+375293594264',
			'EraserGunGame@gmail.com'
		);
	INSERT INTO person(fio, phonenumber, mailadres)
		VALUES 
		(
			'–ü–∞–≤–ª–æ–≤ –í—Å–µ–≤–æ–ª–æ–¥ –í–ª–∞–¥–∏—Å–ª–∞–≤–æ–≤–∏—á', 
			'+375296654715',
			'GeoTouch@gmail.com'
		);
	INSERT INTO person(fio, phonenumber, mailadres)
		VALUES 
		(
			'–ê–∫—Å–µ–Ω–æ–≤ –î–∞–Ω–∏–ª–∞ –†—É—Å–ª–∞–Ω–æ–≤–∏—á', 
			'+375295808266',
			'GirlHawkCamel@gmail.com'
		);
	
		
	INSERT INTO role(name) VALUES ('–ê–¥–º–∏–Ω');
	INSERT INTO role(name) VALUES ('–ú–µ–Ω–µ–¥–∂–µ—Ä');
	INSERT INTO role(name) VALUES ('–†–∞–±–æ—á–∏–π');
		
	INSERT INTO users(login, password, role_idrole) 
		VALUES 
		(
			'admin', 
			'admin',
			1
		);		
	INSERT INTO users(login, password, role_idrole) 
		VALUES 
		(
			'manager', 
			'manager',
			2
		);
	INSERT INTO users(login, password, role_idrole) 
		VALUES 
		(
			'worker', 
			'worker',
			3
		);
		
	INSERT INTO workingequipment(name, assignmentofuse, lasttimeused, price)
		VALUES 
		(
			'–î–æ–º–∫—Ä–∞—Ç', 
			'–ú–∞—à–∏–Ω—É –ø–æ–¥–Ω–∏–º–∞—Ç—å',
			'2022-10-08',
			'30'
		);	
	INSERT INTO workingequipment(name, assignmentofuse, lasttimeused, price)
		VALUES 
		(
			'–ü–æ–¥—ä–µ–º–Ω–∏–∫', 
			'–ú–∞—à–∏–Ω—É –ø–æ–¥–Ω–∏–º–∞—Ç—å',
			'2022-10-08',
			'15000'
		);	
	INSERT INTO workingequipment(name, assignmentofuse, lasttimeused, price)
		VALUES 
		(
			'–†–∞—Å–ø—ã–ª–∏—Ç–µ–ª—å', 
			'–ß—Ç–æ-—Ç–æ –∫—Ä–∞—Å–∏—Ç—å',
			'2022-10-08',
			'20'
		);	
	INSERT INTO workingequipment(name, assignmentofuse, lasttimeused, price)
		VALUES 
		(
			'–ë–∞–ª–≥–∞—Ä–∫–∞', 
			'–ß—Ç–æ-—Ç–æ –ø–∏–ª–∏—Ç—å',
			'2022-10-08',
			'5000'
		);	
	INSERT INTO workingequipment(name, assignmentofuse, lasttimeused, price)
		VALUES 
		(
			'–°–≤–∞—Ä–æ—á–Ω—ã–π –∞–ø–ø–∞—Ä–∞—Ç', 
			'–ß—Ç–æ-—Ç–æ –≤–∞—Ä–∏—Ç—å',
			'2022-10-08',
			'1500'
		);	
	INSERT INTO workingequipment(name, assignmentofuse, lasttimeused, price)
		VALUES 
		(
			'–ù–∞–±–æ—Ä –∏–Ω—Å—Ç—Ä—É–º–µ–Ω—Ç–æ–≤', 
			'–ß—Ç–æ-—Ç–æ –æ—Ç–∫—Ä—É—á–∏–≤–∞—Ç—å\–∑–∞–∫—Ä—É—á–∏–≤–∞—Ç—å',
			'2022-10-08',
			'20'
		);
		
	INSERT INTO service(description, price, requiredtimeh, name)
		VALUES 
		(
			'–î–∞–Ω–Ω—ã–π –≤–∏–¥ —Å–ª–µ—Å–∞—Ä–Ω–æ–≥–æ —Ä–µ–º–æ–Ω—Ç–∞ —Ä–∞—Å—Å—á–∏—Ç–∞–Ω –Ω–∞ –¥–∏–∞–≥–Ω–æ—Å—Ç–∏–∫—É –∏, –≤ —Å–ª—É—á–∞–µ –≤—ã—è–≤–ª–µ–Ω–∏—è –º–µ–ª–∫–∏—Ö –Ω–µ–ø–æ–ª–∞–¥–æ–∫, –∏—Ö —É—Å—Ç—Ä–∞–Ω–µ–Ω–∏–µ. –ü—Ä–∏ —Ç–∞–∫–æ–º –ø–æ–¥—Ö–æ–¥–µ –≤—ã–ø–æ–ª–Ω—è—é—Ç –∑–∞–º–µ–Ω—É –ø–æ—Ä—à–Ω–µ–≤—ã—Ö –∫–æ–ª–µ—Ü, —ç–ª–µ–º–µ–Ω—Ç–æ–≤ —Å–∏—Å—Ç–µ–º—ã –∞–º–æ—Ä—Ç–∏–∑–∞—Ü–∏–∏, –¥–µ—Ç–∞–ª–µ–π —Ç–æ—Ä–º–æ–∑–Ω–æ–π —Å–∏—Å—Ç–µ–º—ã –∏ –ø—Ä–æ—á–µ–µ.',
			'1000',
			'100',
			'–¢–µ–∫—É—â–∏–π —Å–ª–µ—Å–∞—Ä–Ω—ã–π —Ä–µ–º–æ–Ω—Ç'
		);	
	INSERT INTO service(description, price, requiredtimeh, name)
		VALUES 
		(
			'–ü—Ä–∏ —Ç–∞–∫–æ–º —Ä–µ–º–æ–Ω—Ç–µ –∞–≤—Ç–æ–º–æ–±–∏–ª—å —Ä–∞–∑–±–∏—Ä–∞–µ—Ç—Å—è –∏ –æ–ø—Ä–µ–¥–µ–ª—è–µ—Ç—Å—è —Å—Ç–µ–ø–µ–Ω—å –∏–∑–Ω–æ—Å–∞ –∫–∞–∂–¥–æ–π –¥–µ—Ç–∞–ª–∏. –ö–æ–º–ø–ª–µ–∫—Ç—É—é—â–∏–µ, –∏–º–µ—é—â–∏–µ —Å—Ç–µ–ø–µ–Ω—å –∏–∑–Ω–æ—Å–∞ –≤—ã—à–µ —Ä–µ–∫–æ–º–µ–Ω–¥–æ–≤–∞–Ω–Ω–æ–π –ø—Ä–æ–∏–∑–≤–æ–¥–∏—Ç–µ–ª–µ–º, –ø–æ–¥–ª–µ–∂–∞—Ç –∑–∞–º–µ–Ω–µ.',
			'2000',
			'300',
			'–ö–∞–ø–∏—Ç–∞–ª—å–Ω—ã–π —Å–ª–µ—Å–∞—Ä–Ω—ã–π —Ä–µ–º–æ–Ω—Ç'
		);	
	INSERT INTO service(description, price, requiredtimeh, name)
		VALUES 
		(
			'–ü–æ—è–≤–ª–µ–Ω–∏–µ –Ω–µ–∑–Ω–∞—á–∏—Ç–µ–ª—å–Ω—ã—Ö –≤–º—è—Ç–∏–Ω –∏—Å–ø—Ä–∞–≤–ª—è–µ—Ç—Å—è –¥–∞–∂–µ –±–µ–∑ –ø–æ–∫—Ä–∞—Å–æ—á–Ω—ã—Ö —Ä–∞–±–æ—Ç –ø—Ä–∏ —É—Å–ª–æ–≤–∏–∏, —á—Ç–æ –ª–∞–∫–æ–∫—Ä–∞—Å–æ—á–Ω–æ–µ –ø–æ–∫—Ä—ã—Ç–∏–µ –Ω–µ —Ä–∞–∑—Ä—É—à–µ–Ω–æ. –î–ª—è —ç—Ç–æ–≥–æ –∏—Å–ø–æ–ª—å–∑—É—é—Ç —Ä–µ–∑–∏–Ω–æ–≤—ã–π –º–æ–ª–æ—Ç–æ–∫ –≤ –ª–µ–≥–∫–æ–¥–æ—Å—Ç—É–ø–Ω—ã—Ö –º–µ—Å—Ç–∞—Ö –∏–ª–∏ —Å–ø–µ—Ü–∏–∞–ª—å–Ω—ã–µ –∫—Ä—é—á–∫–∏, —Ä—ã—á–∞–≥–∏ –∏ –∫–ª—é—à–∫–∏ –Ω–∞ —Ç—Ä—É–¥–Ω–æ–¥–æ—Å—Ç—É–ø–Ω—ã—Ö —É—á–∞—Å—Ç–∫–∞—Ö –∫—É–∑–æ–≤–∞.',
			'500',
			'100',
			'–£–¥–∞–ª–µ–Ω–∏–µ –≤–º—è—Ç–∏–Ω –∏ —Ä–∏—Ö—Ç–æ–≤–∫–∞'
		);	
	INSERT INTO service(description, price, requiredtimeh, name)
		VALUES 
		(
			'–ù–∞—Ä—É—à–µ–Ω–∏–µ —Ü–µ–ª–æ—Å—Ç–Ω–æ—Å—Ç–∏ –∫—É–∑–æ–≤–∞ –∏—Å–ø—Ä–∞–≤–ª—è–µ—Ç—Å—è –ø–æ—Å—Ä–µ–¥—Å—Ç–≤–æ–º —Å–≤–∞—Ä–æ—á–Ω—ã—Ö —Ä–∞–±–æ—Ç. –î–ª—è —ç—Ç–æ–≥–æ –∏—Å–ø–æ–ª—å–∑—É—é—Ç—Å—è –¥–≤–∞ —Ç–∏–ø–∞ –æ–±–æ—Ä—É–¥–æ–≤–∞–Ω–∏—è: —ç–ª–µ–∫—Ç—Ä–æ–¥–Ω—ã–π —Å–≤–∞—Ä–æ—á–Ω—ã–π –∞–ø–ø–∞—Ä–∞—Ç –∏ –ø–ª–∞–∑–º–µ–Ω–Ω–∞—è —Ä–µ–∑–∫–∞. –ü—Ä–∏ –∏—Å–ø–æ–ª—å–∑–æ–≤–∞–Ω–∏–∏ —ç—Ç–∏—Ö –ø—Ä–∏–±–æ—Ä–æ–≤, –≤–¥–æ–ª—å —Å–≤–∞—Ä–æ—á–Ω–æ–≥–æ —à–≤–∞ –∂–µ–ª–µ–∑–æ –Ω–µ –¥–µ—Ñ–æ—Ä–º–∏—Ä—É–µ—Ç—Å—è.',
			'600',
			'200',
			'–°–≤–∞—Ä–æ—á–Ω—ã–µ —Ä–∞–±–æ—Ç—ã'
		);	
	INSERT INTO service(description, price, requiredtimeh, name)
		VALUES 
		(
			'–ü–æ–¥ –ø–æ–∫—Ä–∞—Å–∫–æ–π –ø–æ–¥—Ä–∞–∑—É–º–µ–≤–∞–µ—Ç—Å—è –Ω–µ—Å–∫–æ–ª—å–∫–æ —ç—Ç–∞–ø–æ–≤: —Ä–∞–±–æ—Ç–∞ —Å –∫—É–∑–æ–≤–æ–º –Ω–∞ —Å–ø–µ—Ü–∏–∞–ª—å–Ω–æ–º –ø–æ—Å—Ç–µ –ø–æ–¥–≥–æ—Ç–æ–≤–∫–∏; –æ–±—Ä–∞–±–æ—Ç–∫–∞ –ª–∞–∫–æ–∫—Ä–∞—Å–æ—á–Ω—ã–º –º–∞—Ç–µ—Ä–∏–∞–ª–æ–º –≤ –ø–æ–∫—Ä–∞—Å–æ—á–Ω–æ–π –∫–∞–º–µ—Ä–µ; —Å—É—à–∫–∞ –≤ —Å—É—à–∏–ª—å–Ω–æ–π –∫–∞–º–µ—Ä–µ. –í –ø–æ–∫—Ä–∞—Å–æ—á–Ω–æ–π –∫–∞–º–µ—Ä–µ —Å–æ–∑–¥–∞—é—Ç—Å—è —Ç–∞–∫–∏–µ —É—Å–ª–æ–≤–∏—è, –≥–¥–µ –¥–∞–∂–µ –≤ –≤–æ–∑–¥—É—Ö–µ –æ—Ç—Å—É—Ç—Å—Ç–≤—É—é—Ç –∑–∞–≥—Ä—è–∑–Ω–µ–Ω–∏—è.',
			'300',
			'100',
			'–ü–æ–∫—Ä–∞—Å–∫–∞'
		);	
	INSERT INTO service(description, price, requiredtimeh, name)
		VALUES 
		(
			'–†–µ—á—å –∏–¥–µ—Ç –Ω–µ —Ç–æ–ª—å–∫–æ –æ–± –∞–≤—Ç–æ—Å–∏–≥–Ω–∞–ª–∏–∑–∞—Ü–∏–∏, –Ω–æ –∏ –æ –º–µ—Ö–∞–Ω–∏—á–µ—Å–∫–æ–π –∑–∞—â–∏—Ç–µ. –î–∞–Ω–Ω–∞—è —É—Å–ª—É–≥–∞ –º–æ–∂–µ—Ç –±—ã—Ç—å –∫–∞–∫ –±—é–¥–∂–µ—Ç–Ω–æ–π, —á—Ç–æ —Ö–∞—Ä–∞–∫—Ç–µ—Ä–∏–∑—É–µ—Ç—Å—è –ø—Ä–æ—Å—Ç–æ–π —É—Å—Ç–∞–Ω–æ–≤–∫–æ–π –∏–º–º–æ–±–∏–ª–∞–π–∑–µ—Ä–∞, —Ç–∞–∫ –∏ –¥–æ—Ä–æ–≥–æ–π, –∫–æ–≥–¥–∞ —Å–æ–∑–¥–∞–µ—Ç—Å—è –∫–æ–º–ø–ª–µ–∫—Å–Ω–∞—è –∑–∞—â–∏—Ç–∞ –∞–≤—Ç–æ–º–æ–±–∏–ª—è.',
			'700',
			'100',
			'–£—Å—Ç–∞–Ω–æ–≤–∫–∞ –æ—Ö—Ä–∞–Ω–Ω—ã—Ö —Å–∏—Å—Ç–µ–º'
		);	
	INSERT INTO service(description, price, requiredtimeh, name)
		VALUES 
		(
			'–ó–∞–≤–æ–¥—Å–∫–∏–µ —Å–µ—Ç–∫–∏ —Ä–∞–¥–∏–∞—Ç–æ—Ä–∞ –∏–∑–≥–æ—Ç–∞–≤–ª–∏–≤–∞—é—Ç—Å—è –∏–∑ –ø–ª–∞—Å—Ç–∏–∫–∞ —Å –º–∏–Ω–∏–º–∞–ª—å–Ω—ã–º —Ä–∞—Å—Å—Ç–æ—è–Ω–∏–µ–º –º–µ–∂–¥—É —Ä–µ–±—Ä–∞–º–∏ –≤ 2 —Å–∞–Ω—Ç–∏–º–µ—Ç—Ä–∞. –ß—Ç–æ–±—ã –∏—Å–∫–ª—é—á–∏—Ç—å –ø–æ–ø–∞–¥–∞–Ω–∏–µ –≤ —Ä–∞–¥–∏–∞—Ç–æ—Ä –ø–æ—Å—Ç–æ—Ä–æ–Ω–Ω–µ–≥–æ –º—É—Å–æ—Ä–∞, –∏–º–µ—é—â–µ–≥–æ –º–µ–Ω—å—à–∏–π —Ä–∞–∑–º–µ—Ä, —Ä–µ–∫–æ–º–µ–Ω–¥—É–µ—Ç—Å—è —É—Å—Ç–∞–Ω–æ–≤–∫–∞ –∑–∞—â–∏—Ç–Ω–æ–π —Å–µ—Ç–∫–∏.',
			'50',
			'24',
			'–°–µ—Ç–∫–∞ –¥–ª—è –∑–∞—â–∏—Ç—ã —Ä–∞–¥–∏–∞—Ç–æ—Ä–∞'
		);	
	INSERT INTO service(description, price, requiredtimeh, name)
		VALUES 
		(
			'–ü–æ—Å–ª–µ –ø—Ä–æ–≤–µ–¥–µ–Ω–∏—è –º–µ—Ä–æ–ø—Ä–∏—è—Ç–∏–π –ø–æ —à—É–º–æ–∏–∑–æ–ª—è—Ü–∏–∏, –∑–∞–º–µ—Ç–Ω–æ —Å–Ω–∏–∂–∞–µ—Ç—Å—è —É—Ä–æ–≤–µ–Ω—å —à—É–º–∞, –ø–æ—Å—Ç—É–ø–∞—é—â–µ–≥–æ –≤ —Å–∞–ª–æ–Ω –∞–≤—Ç–æ–º–æ–±–∏–ª—è —Å —É–ª–∏—Ü—ã. –ö—Ä–æ–º–µ —Ç–æ–≥–æ, —Ç–∞–∫–∏–µ —è–≤–ª–µ–Ω–∏—è, –∫–∞–∫ –¥—Ä–µ–±–µ–∑–∂–∞–Ω–∏–µ –æ—Ç–¥–µ–ª—å–Ω—ã—Ö —ç–ª–µ–º–µ–Ω—Ç–æ–≤ –∫—É–∑–æ–≤–∞, –ø–æ—Å—Ç–æ—Ä–æ–Ω–Ω–∏–µ —Å–∫—Ä–∏–ø—ã –∏ —Å—Ç—É–∫–∏ –ø–æ–ª–Ω–æ—Å—Ç—å—é —É—Å—Ç—Ä–∞–Ω—è—é—Ç—Å—è.',
			'500',
			'100',
			'–®—É–º–æ–∏–∑–æ–ª—è—Ü–∏—è –∞–≤—Ç–æ'
		);	
	INSERT INTO service(description, price, requiredtimeh, name)
		VALUES 
		(
			'–î–∞–Ω–Ω–æ–µ –ø—Ä–µ–¥–ª–æ–∂–µ–Ω–∏–µ –∞–≤—Ç–æ—Å–µ—Ä–≤–∏—Å–æ–≤ –ø–æ–¥—Ä–∞–∑—É–º–µ–≤–∞–µ—Ç –Ω–∞–Ω–µ—Å–µ–Ω–∏–µ –Ω–∞ –ª–æ–±–æ–≤–æ–µ —Å—Ç–µ–∫–ª–æ —Ç–æ–Ω—á–∞–π—à–µ–≥–æ –ø–æ–∫—Ä—ã—Ç–∏—è —Å –≤—ã—Å–æ–∫–∏–º–∏ –≤–æ–¥–æ–æ—Ç—Ç–∞–ª–∫–∏–≤–∞—é—â–∏–º–∏ —Å–≤–æ–π—Å—Ç–≤–∞–º–∏. –ë–ª–∞–≥–æ–¥–∞—Ä—è —Ç–∞–∫–æ–º—É –ø–æ–∫—Ä—ã—Ç–∏—é, –Ω–∞ —Å–∫–æ—Ä–æ—Å—Ç–∏ —Å–≤—ã—à–µ 60 –∫–º/—á –¥–æ–∂–¥–µ–≤–∞—è –≤–æ–¥–∞ –±—É–¥–µ—Ç —ç—Ñ—Ñ–µ–∫—Ç–∏–≤–Ω–µ–µ —Å—Ç–µ–∫–∞—Ç—å –ø–æ —Å—Ç–µ–∫–ª—É, –ø—Ä–∞–∫—Ç–∏—á–µ—Å–∫–∏ –±–µ–∑ –ø–æ–º–æ—â–∏ –¥–≤–æ—Ä–Ω–∏–∫–æ–≤. ',
			'100',
			'48',
			'–ê–Ω—Ç–∏–¥–æ–∂–¥—å'
		);	
	INSERT INTO service(description, price, requiredtimeh, name)
		VALUES 
		(
			'–ë–ª–∞–≥–æ–¥–∞—Ä—è —Ç–æ–Ω–∏—Ä–æ–≤–æ—á–Ω–æ–π –ø–ª–µ–Ω–∫–µ –º–æ–∂–Ω–æ –Ω–µ —Ç–æ–ª—å–∫–æ —É–ª—É—á—à–∏—Ç—å –≤–Ω–µ—à–Ω–∏–π –≤–∏–¥ —ç–∫—Å—Ç–µ—Ä—å–µ—Ä–∞ –∞–≤—Ç–æ–º–æ–±–∏–ª—è, –Ω–æ –∏ —Å–¥–µ–ª–∞—Ç—å –ø—Ä–µ–±—ã–≤–∞–Ω–∏–µ –≤ —Å–∞–ª–æ–Ω–µ –±–æ–ª–µ–µ –∫–æ–º—Ñ–æ—Ä—Ç–Ω—ã–º. –≠—Ç–æ –æ–±—É—Å–ª–æ–≤–ª–µ–Ω–æ –ø–æ–≥–ª–æ—â–µ–Ω–∏–µ–º —á–∞—Å—Ç–∏ —Å–æ–ª–Ω–µ—á–Ω—ã—Ö –ª—É—á–µ–π –ø–ª–µ–Ω–∫–æ–π. –ß–µ–º –æ–Ω–∞ —Ç–µ–º–Ω–µ–µ, —Ç–µ–º –±–æ–ª—å—à–µ —Å–≤–µ—Ç–æ–≤—ã—Ö –ª—É—á–µ–π –ø–æ–≥–ª–æ—â–∞–µ—Ç—Å—è.',
			'200',
			'100',
			'–¢–æ–Ω–∏—Ä–æ–≤–∫–∞ —Å—Ç–µ–∫–æ–ª'
		);	
	INSERT INTO service(description, price, requiredtimeh, name)
		VALUES 
		(
			'–£—Å—Ç–∞–Ω–æ–≤–∫–∞ –¥–∞–Ω–Ω–æ–≥–æ –ø—Ä–∏—Å–ø–æ—Å–æ–±–ª–µ–Ω–∏—è –ø–æ–∑–≤–æ–ª—è–µ—Ç –ø—Ä–µ–¥–æ—Ç–≤—Ä–∞—Ç–∏—Ç—å –∑–∞–ø–æ—Ç–µ–≤–∞–Ω–∏–µ –ª–æ–±–æ–≤–æ–≥–æ —Å—Ç–µ–∫–ª–∞ –≤ —Å–∞–ª–æ–Ω–µ, –∞ –ø–æ—Ç–æ–º—É –≤–∏–¥–∏–º–æ—Å—Ç—å –Ω–µ —É—Ö—É–¥—à–∞–µ—Ç—Å—è –ø—Ä–∏ —Ä–∞–∑–Ω–æ—Å—Ç–∏ —Ç–µ–º–ø–µ—Ä–∞—Ç—É—Ä –≤–Ω–µ—à–Ω–µ–π –∏ –≤–Ω—É—Ç—Ä–µ–Ω–Ω–µ–π —Å—Ç–æ—Ä–æ–Ω—ã —Å—Ç–µ–∫–ª–∞. –≠–∫—Å–ø–ª—É–∞—Ç–∞—Ü–∏–æ–Ω–Ω—ã–π —Å—Ä–æ–∫ –∞–Ω—Ç–∏–∑–∞–ø–æ—Ç–µ–≤–∞—Ç–µ–ª—è —Å–æ—Å—Ç–∞–≤–ª—è–µ—Ç –ø—Ä–∏–º–µ—Ä–Ω–æ 4 –º–µ—Å—è—Ü–∞.',
			'50',
			'48',
			'–ê–Ω—Ç–∏–∑–∞–ø–æ—Ç–µ–≤–∞—Ç–µ–ª—å'
		);
		
	INSERT INTO model(name, brand_idbrand, bodystyle_idbodystyle)
		VALUES 
		(
			'M8 Coupe',
			10,
			5
		);	
	INSERT INTO model(name, brand_idbrand, bodystyle_idbodystyle)
		VALUES 
		(
			'E34',
			10,
			1
		);	
	INSERT INTO model(name, brand_idbrand, bodystyle_idbodystyle)
		VALUES 
		(
			'Vesta',
			28,
			1
		);	
	INSERT INTO model(name, brand_idbrand, bodystyle_idbodystyle)
		VALUES 
		(
			'Granta',
			28,
			1
		);	
	INSERT INTO model(name, brand_idbrand, bodystyle_idbodystyle)
		VALUES 
		(
			'Rio',
			26,
			1
		);
		
	INSERT INTO cashaccount(cardnumber, person_idperson)
		VALUES 
		(
			'17409488245517115276',
			1
		);	
	INSERT INTO cashaccount(cardnumber, person_idperson)
		VALUES 
		(
			'31233411387427793198',
			3
		);	
	INSERT INTO cashaccount(cardnumber, person_idperson)
		VALUES 
		(
			'14232216857618927954',
			2
		);	
	INSERT INTO cashaccount(cardnumber, person_idperson)
		VALUES 
		(
			'65028602486509006138',
			4
		);	
	INSERT INTO cashaccount(cardnumber, person_idperson)
		VALUES 
		(
			'93446066184963788291',
			5
		);	
	INSERT INTO cashaccount(cardnumber, person_idperson)
		VALUES 
		(
			'35984076361542097372',
			6
		);	
	INSERT INTO cashaccount(cardnumber, person_idperson)
		VALUES 
		(
			'60165754120014607177',
			7
		);	
	INSERT INTO cashaccount(cardnumber, person_idperson)
		VALUES 
		(
			'77335998182660380125',
			8
		);	
	INSERT INTO cashaccount(cardnumber, person_idperson)
		VALUES 
		(
			'09478351201640618984',
			9
		);	
	INSERT INTO cashaccount(cardnumber, person_idperson)
		VALUES 
		(
			'14398808778383710734',
			10
		);
		
	INSERT INTO cashtransfer(cash, cashaccount_idcashaccount, type)
		VALUES 
		(
			'1000',
			6, 
			'Client'
		);	
	INSERT INTO cashtransfer(cash, cashaccount_idcashaccount, type)
		VALUES 
		(
			'1500',
			7, 
			'Client'
		);	
	INSERT INTO cashtransfer(cash, cashaccount_idcashaccount, type)
		VALUES 
		(
			'50',
			8, 
			'Client'
		);	
	INSERT INTO cashtransfer(cash, cashaccount_idcashaccount, type)
		VALUES 
		(
			'100',
			9, 
			'Client'
		);	
	INSERT INTO cashtransfer(cash, cashaccount_idcashaccount, type)
		VALUES 
		(
			'2900',
			10, 
			'Client'
		);
		
	INSERT INTO client(person_idperson, lastvisit)
		VALUES 
		(
			6,
			'2022-06-23'
		);	
	INSERT INTO client(person_idperson, lastvisit)
		VALUES 
		(
			7,
			'2022-01-10'
		);	
	INSERT INTO client(person_idperson, lastvisit)
		VALUES 
		(
			8,
			'2022-09-01'
		);	
	INSERT INTO client(person_idperson, lastvisit)
		VALUES 
		(
			9,
			'2022-10-19'
		);	
	INSERT INTO client(person_idperson, lastvisit)
		VALUES 
		(
			10,
			'2022-11-21'
		);
		
	INSERT INTO worker(salary, hiredate, unpaidhours, paidhours, qualification, personalqualities, person_idperson)
		VALUES 
		(
			'15', 
			'2016-06-23', 
			'0', 
			'19545', 
			'–ê–≤—Ç–æ—Å–ª–µ—Å–∞—Ä—å', 
			'–ù–æ—Ä–º —á–µ–ª', 
			'1'
		);	
	INSERT INTO worker(salary, hiredate, unpaidhours, paidhours, qualification, personalqualities, person_idperson)
		VALUES 
		(
			'14', 
			'2017-06-23', 
			'0', 
			'16545', 
			'–ê–≤—Ç–æ—Å–ª–µ—Å–∞—Ä—å', 
			'–ù–æ—Ä–º —á–µ–ª, –∏–≥—Ä–∞–µ—Ç –≤ –¥–æ—Ç—É', 
			'2'
		);	
	INSERT INTO worker(salary, hiredate, unpaidhours, paidhours, qualification, personalqualities, person_idperson)
		VALUES 
		(
			'20', 
			'2018-06-23', 
			'0', 
			'13545', 
			'–ê–≤—Ç–æ—Å–ª–µ—Å–∞—Ä—å', 
			'–•–∞—Ä–∞–∫—Ç–µ—Ä –Ω–µ –æ—á. –Ω–æ —Å–≤–æ–µ –¥–µ–ª–æ –∑–Ω–∞–µ—Ç.', 
			'3'
		);	
	INSERT INTO worker(salary, hiredate, unpaidhours, paidhours, qualification, personalqualities, person_idperson)
		VALUES 
		(
			'10', 
			'2020-06-23', 
			'10', 
			'4545', 
			'–ê–≤—Ç–æ—Å–ª–µ—Å–∞—Ä—å', 
			'–î—É—à–∞ –∫–æ–ª–ª–µ–∫—Ç–∏–≤–∞', 
			'4'
		);	
	INSERT INTO worker(salary, hiredate, unpaidhours, paidhours, qualification, personalqualities, person_idperson)
		VALUES 
		(
			'9', 
			'2021-06-23', 
			'10', 
			'1545', 
			'–ê–≤—Ç–æ—Å–ª–µ—Å–∞—Ä—å', 
			'–¢–∏—Ö–∏–π, —Å–ø–æ–∫–æ–π–Ω—ã–π', 
			'5'
		);
		
	INSERT INTO car(
		defects, client_person_idperson, model_idmodel)
		VALUES 
		( 
			'',
			'6', 
			'1'
		);	
	INSERT INTO car(
		defects, client_person_idperson, model_idmodel)
		VALUES 
		( 
			'',
			'7', 
			'2'
		);	
	INSERT INTO car(
		defects, client_person_idperson, model_idmodel)
		VALUES 
		( 
			'',
			'8', 
			'3'
		);	
	INSERT INTO car(
		defects, client_person_idperson, model_idmodel)
		VALUES 
		( 
			'',
			'9', 
			'4'
		);	
	INSERT INTO car(
		defects, client_person_idperson, model_idmodel)
		VALUES 
		( 
			'',
			'10', 
			'5'
		);
		
	INSERT INTO document(
		text, workedhours, cashtransfer_idcashtransfer, workacceptdate, workdonedate, car_idcar, price)
		VALUES 
		(
			'', 
			'100', 
			'1', 
			'2022-01-01', 
			'2022-06-23', 
			'1', 
			'1000'
		);	
	INSERT INTO document(
		text, workedhours, cashtransfer_idcashtransfer, workacceptdate, workdonedate, car_idcar, price)
		VALUES 
		(
			'', 
			'200', 
			'2', 
			'2022-01-01', 
			'2022-01-10', 
			'2', 
			'1500'
		);	
	INSERT INTO document(
		text, workedhours, cashtransfer_idcashtransfer, workacceptdate, workdonedate, car_idcar, price)
		VALUES 
		(
			'', 
			'24', 
			'3', 
			'2022-01-01', 
			'2022-09-01', 
			'3', 
			'50'
		);	
	INSERT INTO document(
		text, workedhours, cashtransfer_idcashtransfer, workacceptdate, workdonedate, car_idcar, price)
		VALUES 
		(
			'', 
			'72', 
			'4', 
			'2022-01-01', 
			'2022-10-19', 
			'4', 
			'100'
		);	
	INSERT INTO document(
		text, workedhours, cashtransfer_idcashtransfer, workacceptdate, workdonedate, car_idcar, price)
		VALUES 
		(
			'', 
			'600', 
			'5', 
			'2022-01-01', 
			'2022-11-21', 
			'5', 
			'2900'
		);
		
		
	INSERT INTO component(name, price, dateofmanufacture)
		VALUES 
		(
			'–î–≤–∏–≥–∞—Ç–µ–ª—å', 
			'500', 
			'2015-01-01'
		);	
	INSERT INTO component(name, price, dateofmanufacture)
		VALUES 
		(
			'–õ–æ–±–æ–≤–æ–µ —Å—Ç–µ–∫–ª–æ', 
			'200', 
			'2015-01-01'
		);	
	INSERT INTO component(name, price, dateofmanufacture)
		VALUES 
		(
			'–ê–∫–∫—É–º—É–ª—è—Ç–æ—Ä', 
			'150', 
			'2015-01-01'
		);	
	INSERT INTO component(name, price, dateofmanufacture)
		VALUES 
		(
			'–ö—Ä—ã—à–∫–∞ –ø–æ—Ä—à–Ω—è', 
			'20', 
			'2015-01-01'
		);	
	INSERT INTO component(name, price, dateofmanufacture)
		VALUES 
		(
			'–ö—Ä–∞—Å–∫–∞', 
			'100', 
			'2015-01-01'
		);
		
	INSERT INTO car_component(component_idcomponent, car_idcar)
		VALUES 
		(
			1,
			1
		);	
	INSERT INTO car_component(component_idcomponent, car_idcar)
		VALUES 
		(
			2,
			2
		);	
	INSERT INTO car_component(component_idcomponent, car_idcar)
		VALUES 
		(
			3,
			3
		);	
	INSERT INTO car_component(component_idcomponent, car_idcar)
		VALUES 
		(
			4,
			4
		);	
	INSERT INTO car_component(component_idcomponent, car_idcar)
		VALUES 
		(
			5,
			5
		);
		
	INSERT INTO document_service(
		document_iddocument, service_idservice)
		VALUES 
		(
			1, 
			1
		);	
	INSERT INTO document_service(
		document_iddocument, service_idservice)
		VALUES 
		(
			2, 
			1
		);	
	INSERT INTO document_service(
		document_iddocument, service_idservice)
		VALUES 
		(
			2, 
			3
		);	
	INSERT INTO document_service(
		document_iddocument, service_idservice)
		VALUES 
		(
			3, 
			7
		);	
	INSERT INTO document_service(
		document_iddocument, service_idservice)
		VALUES 
		(
			4, 
			7
		);	
	INSERT INTO document_service(
		document_iddocument, service_idservice)
		VALUES 
		(
			4, 
			11
		);	
	INSERT INTO document_service(
		document_iddocument, service_idservice)
		VALUES 
		(
			5, 
			2
		);	
	INSERT INTO document_service(
		document_iddocument, service_idservice)
		VALUES 
		(
			5, 
			5
		);	
	INSERT INTO document_service(
		document_iddocument, service_idservice)
		VALUES 
		(
			5, 
			4
		);
		
	INSERT INTO worker_document(worker_person_idperson, document_iddocument)
		VALUES 
		(
			1, 
			1
		);	
	INSERT INTO worker_document(worker_person_idperson, document_iddocument)
		VALUES 
		(
			1, 
			2
		);	
	INSERT INTO worker_document(worker_person_idperson, document_iddocument)
		VALUES 
		(
			2, 
			3
		);	
	INSERT INTO worker_document(worker_person_idperson, document_iddocument)
		VALUES 
		(
			2, 
			4
		);	
	INSERT INTO worker_document(worker_person_idperson, document_iddocument)
		VALUES 
		(
			3, 
			4
		);	
	INSERT INTO worker_document(worker_person_idperson, document_iddocument)
		VALUES 
		(
			3, 
			1
		);	
	INSERT INTO worker_document(worker_person_idperson, document_iddocument)
		VALUES 
		(
			4, 
			1
		);	
	INSERT INTO worker_document(worker_person_idperson, document_iddocument)
		VALUES 
		(
			4, 
			2
		);	
	INSERT INTO worker_document(worker_person_idperson, document_iddocument)
		VALUES 
		(
			4, 
			4
		);	
	INSERT INTO worker_document(worker_person_idperson, document_iddocument)
		VALUES 
		(
			4, 
			5
		);	
	INSERT INTO worker_document(worker_person_idperson, document_iddocument)
		VALUES 
		(
			5, 
			5
		);	
	INSERT INTO worker_document(worker_person_idperson, document_iddocument)
		VALUES 
		(
			5, 
			4
		);	
	INSERT INTO worker_document(worker_person_idperson, document_iddocument)
		VALUES 
		(
			5, 
			3
		);	
	INSERT INTO worker_document(worker_person_idperson, document_iddocument)
		VALUES 
		(
			5, 
			2
		);	
	INSERT INTO worker_document(worker_person_idperson, document_iddocument)
		VALUES 
		(
			5, 
			1
		);	
	INSERT INTO worker_document(worker_person_idperson, document_iddocument)
		VALUES 
		(
			1, 
			5
		);	
	INSERT INTO worker_document(worker_person_idperson, document_iddocument)
		VALUES 
		(
			2, 
			5
		);
		
	INSERT INTO service_workingequipment(service_idservice, workingequipment_idworkingequipment)
		VALUES (1, 2);	
	INSERT INTO service_workingequipment(service_idservice, workingequipment_idworkingequipment)
		VALUES (1, 4);	
	INSERT INTO service_workingequipment(service_idservice, workingequipment_idworkingequipment)
		VALUES (2, 2);	
	INSERT INTO service_workingequipment(service_idservice, workingequipment_idworkingequipment)
		VALUES (1, 1);	
	INSERT INTO service_workingequipment(service_idservice, workingequipment_idworkingequipment)
		VALUES (2, 4);	
	INSERT INTO service_workingequipment(service_idservice, workingequipment_idworkingequipment)
		VALUES (3, 1);	
	INSERT INTO service_workingequipment(service_idservice, workingequipment_idworkingequipment)
		VALUES (3, 4);	
	INSERT INTO service_workingequipment(service_idservice, workingequipment_idworkingequipment)
		VALUES (4, 2);	
	INSERT INTO service_workingequipment(service_idservice, workingequipment_idworkingequipment)
		VALUES (4, 5);	
	INSERT INTO service_workingequipment(service_idservice, workingequipment_idworkingequipment)
		VALUES (4, 6);	
	INSERT INTO service_workingequipment(service_idservice, workingequipment_idworkingequipment)
		VALUES (4, 3);	
	INSERT INTO service_workingequipment(service_idservice, workingequipment_idworkingequipment)
		VALUES (5, 3);	
	INSERT INTO service_workingequipment(service_idservice, workingequipment_idworkingequipment)
		VALUES (6, 2);	
	INSERT INTO service_workingequipment(service_idservice, workingequipment_idworkingequipment)
		VALUES (6, 4);	
	INSERT INTO service_workingequipment(service_idservice, workingequipment_idworkingequipment)
		VALUES (7, 4);	
	INSERT INTO service_workingequipment(service_idservice, workingequipment_idworkingequipment)
		VALUES (8, 4);	
	INSERT INTO service_workingequipment(service_idservice, workingequipment_idworkingequipment)
		VALUES (8, 2);	
	INSERT INTO service_workingequipment(service_idservice, workingequipment_idworkingequipment)
		VALUES (9, 4);	
	INSERT INTO service_workingequipment(service_idservice, workingequipment_idworkingequipment)
		VALUES (11, 4);	
	INSERT INTO service_workingequipment(service_idservice, workingequipment_idworkingequipment)
		VALUES (12, 4);
2022-11-29 17:47:23.807 +03 [13468] –û–®–ò–ë–ö–ê:  INSERT –∏–ª–∏ UPDATE –≤ —Ç–∞–±–ª–∏—Ü–µ "users" –Ω–∞—Ä—É—à–∞–µ—Ç –æ–≥—Ä–∞–Ω–∏—á–µ–Ω–∏–µ –≤–Ω–µ—à–Ω–µ–≥–æ –∫–ª—é—á–∞ "users_role_idrole_fkey"
2022-11-29 17:47:23.807 +03 [13468] –ü–û–î–†–û–ë–ù–û–°–¢–ò:  –ö–ª—é—á (role_idrole)=(1) –æ—Ç—Å—É—Ç—Å—Ç–≤—É–µ—Ç –≤ —Ç–∞–±–ª–∏—Ü–µ "role".
2022-11-29 17:47:23.807 +03 [13468] –û–ü–ï–†–ê–¢–û–†:  INSERT INTO users(login, password, role_idrole) 
		VALUES 
		(
			'admin', 
			'admin',
			1
		);		
	INSERT INTO users(login, password, role_idrole) 
		VALUES 
		(
			'manager', 
			'manager',
			2
		);
	INSERT INTO users(login, password, role_idrole) 
		VALUES 
		(
			'worker', 
			'worker',
			3
		);
		
	INSERT INTO model(name, brand_idbrand, bodystyle_idbodystyle)
		VALUES 
		(
			'M8 Coupe',
			10,
			5
		);	
	INSERT INTO model(name, brand_idbrand, bodystyle_idbodystyle)
		VALUES 
		(
			'E34',
			10,
			1
		);	
	INSERT INTO model(name, brand_idbrand, bodystyle_idbodystyle)
		VALUES 
		(
			'Vesta',
			28,
			1
		);	
	INSERT INTO model(name, brand_idbrand, bodystyle_idbodystyle)
		VALUES 
		(
			'Granta',
			28,
			1
		);	
	INSERT INTO model(name, brand_idbrand, bodystyle_idbodystyle)
		VALUES 
		(
			'Rio',
			26,
			1
		);
		
	
		
	
2022-11-29 17:53:39.460 +03 [13468] –û–®–ò–ë–ö–ê:  INSERT –∏–ª–∏ UPDATE –≤ —Ç–∞–±–ª–∏—Ü–µ "users" –Ω–∞—Ä—É—à–∞–µ—Ç –æ–≥—Ä–∞–Ω–∏—á–µ–Ω–∏–µ –≤–Ω–µ—à–Ω–µ–≥–æ –∫–ª—é—á–∞ "users_role_idrole_fkey"
2022-11-29 17:53:39.460 +03 [13468] –ü–û–î–†–û–ë–ù–û–°–¢–ò:  –ö–ª—é—á (role_idrole)=(1) –æ—Ç—Å—É—Ç—Å—Ç–≤—É–µ—Ç –≤ —Ç–∞–±–ª–∏—Ü–µ "role".
2022-11-29 17:53:39.460 +03 [13468] –û–ü–ï–†–ê–¢–û–†:  INSERT INTO users(login, password, role_idrole) 
		VALUES 
		(
			'admin', 
			'admin',
			1
		);		
	INSERT INTO users(login, password, role_idrole) 
		VALUES 
		(
			'manager', 
			'manager',
			2
		);
	INSERT INTO users(login, password, role_idrole) 
		VALUES 
		(
			'worker', 
			'worker',
			3
		);
		
	INSERT INTO model(name, brand_idbrand, bodystyle_idbodystyle)
		VALUES 
		(
			'M8 Coupe',
			10,
			5
		);	
	INSERT INTO model(name, brand_idbrand, bodystyle_idbodystyle)
		VALUES 
		(
			'E34',
			10,
			1
		);	
	INSERT INTO model(name, brand_idbrand, bodystyle_idbodystyle)
		VALUES 
		(
			'Vesta',
			28,
			1
		);	
	INSERT INTO model(name, brand_idbrand, bodystyle_idbodystyle)
		VALUES 
		(
			'Granta',
			28,
			1
		);	
	INSERT INTO model(name, brand_idbrand, bodystyle_idbodystyle)
		VALUES 
		(
			'Rio',
			26,
			1
		);
		
	INSERT INTO cashaccount(cardnumber, person_idperson)
		VALUES 
		(
			'17409488245517115276',
			1
		);	
	INSERT INTO cashaccount(cardnumber, person_idperson)
		VALUES 
		(
			'31233411387427793198',
			3
		);	
	INSERT INTO cashaccount(cardnumber, person_idperson)
		VALUES 
		(
			'14232216857618927954',
			2
		);	
	INSERT INTO cashaccount(cardnumber, person_idperson)
		VALUES 
		(
			'65028602486509006138',
			4
		);	
	INSERT INTO cashaccount(cardnumber, person_idperson)
		VALUES 
		(
			'93446066184963788291',
			5
		);	
	INSERT INTO cashaccount(cardnumber, person_idperson)
		VALUES 
		(
			'35984076361542097372',
			6
		);	
	INSERT INTO cashaccount(cardnumber, person_idperson)
		VALUES 
		(
			'60165754120014607177',
			7
		);	
	INSERT INTO cashaccount(cardnumber, person_idperson)
		VALUES 
		(
			'77335998182660380125',
			8
		);	
	INSERT INTO cashaccount(cardnumber, person_idperson)
		VALUES 
		(
			'09478351201640618984',
			9
		);	
	INSERT INTO cashaccount(cardnumber, person_idperson)
		VALUES 
		(
			'14398808778383710734',
			10
		);
	
		
	INSERT INTO client(person_idperson, lastvisit)
		VALUES 
		(
			6,
			'2022-06-23'
		);	
	INSERT INTO client(person_idperson, lastvisit)
		VALUES 
		(
			7,
			'2022-01-10'
		);	
	INSERT INTO client(person_idperson, lastvisit)
		VALUES 
		(
			8,
			'2022-09-01'
		);	
	INSERT INTO client(person_idperson, lastvisit)
		VALUES 
		(
			9,
			'2022-10-19'
		);	
	INSERT INTO client(person_idperson, lastvisit)
		VALUES 
		(
			10,
			'2022-11-21'
		);
		
	INSERT INTO worker(salary, hiredate, unpaidhours, paidhours, qualification, personalqualities, person_idperson)
		VALUES 
		(
			'15', 
			'2016-06-23', 
			'0', 
			'19545', 
			'–ê–≤—Ç–æ—Å–ª–µ—Å–∞—Ä—å', 
			'–ù–æ—Ä–º —á–µ–ª', 
			'1'
		);	
	INSERT INTO worker(salary, hiredate, unpaidhours, paidhours, qualification, personalqualities, person_idperson)
		VALUES 
		(
			'14', 
			'2017-06-23', 
			'0', 
			'16545', 
			'–ê–≤—Ç–æ—Å–ª–µ—Å–∞—Ä—å', 
			'–ù–æ—Ä–º —á–µ–ª, –∏–≥—Ä–∞–µ—Ç –≤ –¥–æ—Ç—É', 
			'2'
		);	
	INSERT INTO worker(salary, hiredate, unpaidhours, paidhours, qualification, personalqualities, person_idperson)
		VALUES 
		(
			'20', 
			'2018-06-23', 
			'0', 
			'13545', 
			'–ê–≤—Ç–æ—Å–ª–µ—Å–∞—Ä—å', 
			'–•–∞—Ä–∞–∫—Ç–µ—Ä –Ω–µ –æ—á. –Ω–æ —Å–≤–æ–µ –¥–µ–ª–æ –∑–Ω–∞–µ—Ç.', 
			'3'
		);	
	INSERT INTO worker(salary, hiredate, unpaidhours, paidhours, qualification, personalqualities, person_idperson)
		VALUES 
		(
			'10', 
			'2020-06-23', 
			'10', 
			'4545', 
			'–ê–≤—Ç–æ—Å–ª–µ—Å–∞—Ä—å', 
			'–î—É—à–∞ –∫–æ–ª–ª–µ–∫—Ç–∏–≤–∞', 
			'4'
		);	
	INSERT INTO worker(salary, hiredate, unpaidhours, paidhours, qualification, personalqualities, person_idperson)
		VALUES 
		(
			'9', 
			'2021-06-23', 
			'10', 
			'1545', 
			'–ê–≤—Ç–æ—Å–ª–µ—Å–∞—Ä—å', 
			'–¢–∏—Ö–∏–π, —Å–ø–æ–∫–æ–π–Ω—ã–π', 
			'5'
		);
		
	
2022-11-29 17:58:22.376 +03 [4920] –û–®–ò–ë–ö–ê:  INSERT –∏–ª–∏ UPDATE –≤ —Ç–∞–±–ª–∏—Ü–µ "service_workingequipment" –Ω–∞—Ä—É—à–∞–µ—Ç –æ–≥—Ä–∞–Ω–∏—á–µ–Ω–∏–µ –≤–Ω–µ—à–Ω–µ–≥–æ –∫–ª—é—á–∞ "service_workingequipment_service_idservice_fkey"
2022-11-29 17:58:22.376 +03 [4920] –ü–û–î–†–û–ë–ù–û–°–¢–ò:  –ö–ª—é—á (service_idservice)=(12) –æ—Ç—Å—É—Ç—Å—Ç–≤—É–µ—Ç –≤ —Ç–∞–±–ª–∏—Ü–µ "service".
2022-11-29 17:58:22.376 +03 [4920] –û–ü–ï–†–ê–¢–û–†:  INSERT INTO car_component(component_idcomponent, car_idcar)
		VALUES 
		(
			1,
			1
		);	
	INSERT INTO car_component(component_idcomponent, car_idcar)
		VALUES 
		(
			2,
			2
		);	
	INSERT INTO car_component(component_idcomponent, car_idcar)
		VALUES 
		(
			3,
			3
		);	
	INSERT INTO car_component(component_idcomponent, car_idcar)
		VALUES 
		(
			4,
			4
		);	
	INSERT INTO car_component(component_idcomponent, car_idcar)
		VALUES 
		(
			5,
			5
		);
		
	INSERT INTO document_service(
		document_iddocument, service_idservice)
		VALUES 
		(
			1, 
			1
		);	
	INSERT INTO document_service(
		document_iddocument, service_idservice)
		VALUES 
		(
			2, 
			1
		);	
	INSERT INTO document_service(
		document_iddocument, service_idservice)
		VALUES 
		(
			2, 
			3
		);	
	INSERT INTO document_service(
		document_iddocument, service_idservice)
		VALUES 
		(
			3, 
			7
		);	
	INSERT INTO document_service(
		document_iddocument, service_idservice)
		VALUES 
		(
			4, 
			7
		);	
	INSERT INTO document_service(
		document_iddocument, service_idservice)
		VALUES 
		(
			4, 
			11
		);	
	INSERT INTO document_service(
		document_iddocument, service_idservice)
		VALUES 
		(
			5, 
			2
		);	
	INSERT INTO document_service(
		document_iddocument, service_idservice)
		VALUES 
		(
			5, 
			5
		);	
	INSERT INTO document_service(
		document_iddocument, service_idservice)
		VALUES 
		(
			5, 
			4
		);
		
	INSERT INTO worker_document(worker_person_idperson, document_iddocument)
		VALUES 
		(
			1, 
			1
		);	
	INSERT INTO worker_document(worker_person_idperson, document_iddocument)
		VALUES 
		(
			1, 
			2
		);	
	INSERT INTO worker_document(worker_person_idperson, document_iddocument)
		VALUES 
		(
			2, 
			3
		);	
	INSERT INTO worker_document(worker_person_idperson, document_iddocument)
		VALUES 
		(
			2, 
			4
		);	
	INSERT INTO worker_document(worker_person_idperson, document_iddocument)
		VALUES 
		(
			3, 
			4
		);	
	INSERT INTO worker_document(worker_person_idperson, document_iddocument)
		VALUES 
		(
			3, 
			1
		);	
	INSERT INTO worker_document(worker_person_idperson, document_iddocument)
		VALUES 
		(
			4, 
			1
		);	
	INSERT INTO worker_document(worker_person_idperson, document_iddocument)
		VALUES 
		(
			4, 
			2
		);	
	INSERT INTO worker_document(worker_person_idperson, document_iddocument)
		VALUES 
		(
			4, 
			4
		);	
	INSERT INTO worker_document(worker_person_idperson, document_iddocument)
		VALUES 
		(
			4, 
			5
		);	
	INSERT INTO worker_document(worker_person_idperson, document_iddocument)
		VALUES 
		(
			5, 
			5
		);	
	INSERT INTO worker_document(worker_person_idperson, document_iddocument)
		VALUES 
		(
			5, 
			4
		);	
	INSERT INTO worker_document(worker_person_idperson, document_iddocument)
		VALUES 
		(
			5, 
			3
		);	
	INSERT INTO worker_document(worker_person_idperson, document_iddocument)
		VALUES 
		(
			5, 
			2
		);	
	INSERT INTO worker_document(worker_person_idperson, document_iddocument)
		VALUES 
		(
			5, 
			1
		);	
	INSERT INTO worker_document(worker_person_idperson, document_iddocument)
		VALUES 
		(
			1, 
			5
		);	
	INSERT INTO worker_document(worker_person_idperson, document_iddocument)
		VALUES 
		(
			2, 
			5
		);
		
	INSERT INTO service_workingequipment(service_idservice, workingequipment_idworkingequipment)
		VALUES (1, 2);	
	INSERT INTO service_workingequipment(service_idservice, workingequipment_idworkingequipment)
		VALUES (1, 4);	
	INSERT INTO service_workingequipment(service_idservice, workingequipment_idworkingequipment)
		VALUES (2, 2);	
	INSERT INTO service_workingequipment(service_idservice, workingequipment_idworkingequipment)
		VALUES (1, 1);	
	INSERT INTO service_workingequipment(service_idservice, workingequipment_idworkingequipment)
		VALUES (2, 4);	
	INSERT INTO service_workingequipment(service_idservice, workingequipment_idworkingequipment)
		VALUES (3, 1);	
	INSERT INTO service_workingequipment(service_idservice, workingequipment_idworkingequipment)
		VALUES (3, 4);	
	INSERT INTO service_workingequipment(service_idservice, workingequipment_idworkingequipment)
		VALUES (4, 2);	
	INSERT INTO service_workingequipment(service_idservice, workingequipment_idworkingequipment)
		VALUES (4, 5);	
	INSERT INTO service_workingequipment(service_idservice, workingequipment_idworkingequipment)
		VALUES (4, 6);	
	INSERT INTO service_workingequipment(service_idservice, workingequipment_idworkingequipment)
		VALUES (4, 3);	
	INSERT INTO service_workingequipment(service_idservice, workingequipment_idworkingequipment)
		VALUES (5, 3);	
	INSERT INTO service_workingequipment(service_idservice, workingequipment_idworkingequipment)
		VALUES (6, 2);	
	INSERT INTO service_workingequipment(service_idservice, workingequipment_idworkingequipment)
		VALUES (6, 4);	
	INSERT INTO service_workingequipment(service_idservice, workingequipment_idworkingequipment)
		VALUES (7, 4);	
	INSERT INTO service_workingequipment(service_idservice, workingequipment_idworkingequipment)
		VALUES (8, 4);	
	INSERT INTO service_workingequipment(service_idservice, workingequipment_idworkingequipment)
		VALUES (8, 2);	
	INSERT INTO service_workingequipment(service_idservice, workingequipment_idworkingequipment)
		VALUES (9, 4);	
	INSERT INTO service_workingequipment(service_idservice, workingequipment_idworkingequipment)
		VALUES (11, 4);	
	INSERT INTO service_workingequipment(service_idservice, workingequipment_idworkingequipment)
		VALUES (12, 4);
2022-11-29 18:00:10.177 +03 [12340] –û–®–ò–ë–ö–ê:  –æ—Ç–Ω–æ—à–µ–Ω–∏–µ "workinqequipment" –Ω–µ —Å—É—â–µ—Å—Ç–≤—É–µ—Ç (—Å–∏–º–≤–æ–ª 15)
2022-11-29 18:00:10.177 +03 [12340] –û–ü–ï–†–ê–¢–û–†:  select * from workinqequipment
	
2022-11-29 18:20:42.892 +03 [6548] –°–û–û–ë–©–ï–ù–ò–ï:  –Ω–µ —É–¥–∞–ª–æ—Å—å –ø–æ–ª—É—á–∏—Ç—å –¥–∞–Ω–Ω—ã–µ –æ—Ç –∫–ª–∏–µ–Ω—Ç–∞: An existing connection was forcibly closed by the remote host.
	
2022-11-29 18:20:42.892 +03 [15116] –°–û–û–ë–©–ï–ù–ò–ï:  –Ω–µ —É–¥–∞–ª–æ—Å—å –ø–æ–ª—É—á–∏—Ç—å –¥–∞–Ω–Ω—ã–µ –æ—Ç –∫–ª–∏–µ–Ω—Ç–∞: An existing connection was forcibly closed by the remote host.
	
2022-11-29 18:20:42.892 +03 [1236] –°–û–û–ë–©–ï–ù–ò–ï:  –Ω–µ —É–¥–∞–ª–æ—Å—å –ø–æ–ª—É—á–∏—Ç—å –¥–∞–Ω–Ω—ã–µ –æ—Ç –∫–ª–∏–µ–Ω—Ç–∞: An existing connection was forcibly closed by the remote host.
	
2022-11-29 18:20:42.893 +03 [10788] –°–û–û–ë–©–ï–ù–ò–ï:  –Ω–µ —É–¥–∞–ª–æ—Å—å –ø–æ–ª—É—á–∏—Ç—å –¥–∞–Ω–Ω—ã–µ –æ—Ç –∫–ª–∏–µ–Ω—Ç–∞: An existing connection was forcibly closed by the remote host.
	
2022-11-29 18:20:42.895 +03 [13468] –°–û–û–ë–©–ï–ù–ò–ï:  –Ω–µ —É–¥–∞–ª–æ—Å—å –ø–æ–ª—É—á–∏—Ç—å –¥–∞–Ω–Ω—ã–µ –æ—Ç –∫–ª–∏–µ–Ω—Ç–∞: An existing connection was forcibly closed by the remote host.
	
2022-11-29 18:20:42.896 +03 [14672] –°–û–û–ë–©–ï–ù–ò–ï:  –Ω–µ —É–¥–∞–ª–æ—Å—å –ø–æ–ª—É—á–∏—Ç—å –¥–∞–Ω–Ω—ã–µ –æ—Ç –∫–ª–∏–µ–Ω—Ç–∞: An existing connection was forcibly closed by the remote host.
	
2022-11-29 18:20:42.897 +03 [9460] –°–û–û–ë–©–ï–ù–ò–ï:  –Ω–µ —É–¥–∞–ª–æ—Å—å –ø–æ–ª—É—á–∏—Ç—å –¥–∞–Ω–Ω—ã–µ –æ—Ç –∫–ª–∏–µ–Ω—Ç–∞: An existing connection was forcibly closed by the remote host.
	
2022-11-29 18:20:42.897 +03 [1388] –°–û–û–ë–©–ï–ù–ò–ï:  –Ω–µ —É–¥–∞–ª–æ—Å—å –ø–æ–ª—É—á–∏—Ç—å –¥–∞–Ω–Ω—ã–µ –æ—Ç –∫–ª–∏–µ–Ω—Ç–∞: An existing connection was forcibly closed by the remote host.
	
2022-11-29 18:20:42.898 +03 [12340] –°–û–û–ë–©–ï–ù–ò–ï:  –Ω–µ —É–¥–∞–ª–æ—Å—å –ø–æ–ª—É—á–∏—Ç—å –¥–∞–Ω–Ω—ã–µ –æ—Ç –∫–ª–∏–µ–Ω—Ç–∞: An existing connection was forcibly closed by the remote host.
	
2022-11-29 18:20:42.898 +03 [7808] –°–û–û–ë–©–ï–ù–ò–ï:  –Ω–µ —É–¥–∞–ª–æ—Å—å –ø–æ–ª—É—á–∏—Ç—å –¥–∞–Ω–Ω—ã–µ –æ—Ç –∫–ª–∏–µ–Ω—Ç–∞: An existing connection was forcibly closed by the remote host.
	
2022-11-29 18:20:42.899 +03 [4036] –°–û–û–ë–©–ï–ù–ò–ï:  –Ω–µ —É–¥–∞–ª–æ—Å—å –ø–æ–ª—É—á–∏—Ç—å –¥–∞–Ω–Ω—ã–µ –æ—Ç –∫–ª–∏–µ–Ω—Ç–∞: An existing connection was forcibly closed by the remote host.
	
2022-11-29 18:20:42.899 +03 [32] –°–û–û–ë–©–ï–ù–ò–ï:  –Ω–µ —É–¥–∞–ª–æ—Å—å –ø–æ–ª—É—á–∏—Ç—å –¥–∞–Ω–Ω—ã–µ –æ—Ç –∫–ª–∏–µ–Ω—Ç–∞: An existing connection was forcibly closed by the remote host.
	
2022-11-29 18:20:42.900 +03 [5512] –°–û–û–ë–©–ï–ù–ò–ï:  –Ω–µ —É–¥–∞–ª–æ—Å—å –ø–æ–ª—É—á–∏—Ç—å –¥–∞–Ω–Ω—ã–µ –æ—Ç –∫–ª–∏–µ–Ω—Ç–∞: An existing connection was forcibly closed by the remote host.
	
2022-11-29 18:20:42.900 +03 [1972] –°–û–û–ë–©–ï–ù–ò–ï:  –Ω–µ —É–¥–∞–ª–æ—Å—å –ø–æ–ª—É—á–∏—Ç—å –¥–∞–Ω–Ω—ã–µ –æ—Ç –∫–ª–∏–µ–Ω—Ç–∞: An existing connection was forcibly closed by the remote host.
	
2022-11-29 18:20:42.901 +03 [11844] –°–û–û–ë–©–ï–ù–ò–ï:  –Ω–µ —É–¥–∞–ª–æ—Å—å –ø–æ–ª—É—á–∏—Ç—å –¥–∞–Ω–Ω—ã–µ –æ—Ç –∫–ª–∏–µ–Ω—Ç–∞: An existing connection was forcibly closed by the remote host.
	
2022-11-29 18:20:42.902 +03 [9420] –°–û–û–ë–©–ï–ù–ò–ï:  –Ω–µ —É–¥–∞–ª–æ—Å—å –ø–æ–ª—É—á–∏—Ç—å –¥–∞–Ω–Ω—ã–µ –æ—Ç –∫–ª–∏–µ–Ω—Ç–∞: An existing connection was forcibly closed by the remote host.
	
2022-11-29 18:20:42.904 +03 [9520] –°–û–û–ë–©–ï–ù–ò–ï:  –Ω–µ —É–¥–∞–ª–æ—Å—å –ø–æ–ª—É—á–∏—Ç—å –¥–∞–Ω–Ω—ã–µ –æ—Ç –∫–ª–∏–µ–Ω—Ç–∞: An existing connection was forcibly closed by the remote host.
	
2022-11-29 18:20:42.904 +03 [9560] –°–û–û–ë–©–ï–ù–ò–ï:  –Ω–µ —É–¥–∞–ª–æ—Å—å –ø–æ–ª—É—á–∏—Ç—å –¥–∞–Ω–Ω—ã–µ –æ—Ç –∫–ª–∏–µ–Ω—Ç–∞: An existing connection was forcibly closed by the remote host.
	
2022-11-29 18:20:42.904 +03 [11828] –°–û–û–ë–©–ï–ù–ò–ï:  –Ω–µ —É–¥–∞–ª–æ—Å—å –ø–æ–ª—É—á–∏—Ç—å –¥–∞–Ω–Ω—ã–µ –æ—Ç –∫–ª–∏–µ–Ω—Ç–∞: An existing connection was forcibly closed by the remote host.
	
2022-11-29 18:20:42.904 +03 [5088] –°–û–û–ë–©–ï–ù–ò–ï:  –Ω–µ —É–¥–∞–ª–æ—Å—å –ø–æ–ª—É—á–∏—Ç—å –¥–∞–Ω–Ω—ã–µ –æ—Ç –∫–ª–∏–µ–Ω—Ç–∞: An existing connection was forcibly closed by the remote host.
	
2022-11-30 11:56:02.917 +03 [11108] –°–û–û–ë–©–ï–ù–ò–ï:  –Ω–µ —É–¥–∞–ª–æ—Å—å –ø–æ–ª—É—á–∏—Ç—å –¥–∞–Ω–Ω—ã–µ –æ—Ç –∫–ª–∏–µ–Ω—Ç–∞: An existing connection was forcibly closed by the remote host.
	
2022-11-30 12:14:56.348 +03 [12332] –û–®–ò–ë–ö–ê:  –æ—à–∏–±–∫–∞ —Å–∏–Ω—Ç–∞–∫—Å–∏—Å–∞ (–ø—Ä–∏–º–µ—Ä–Ω–æ–µ –ø–æ–ª–æ–∂–µ–Ω–∏–µ: "log_statement") (—Å–∏–º–≤–æ–ª 1)
2022-11-30 12:14:56.348 +03 [12332] –û–ü–ï–†–ê–¢–û–†:  log_statement = all
